#
# There is insufficient memory for the Java Runtime Environment to continue.
# Native memory allocation (malloc) failed to allocate 131088 bytes for Chunk::new
# Possible reasons:
#   The system is out of physical RAM or swap space
#   The process is running with CompressedOops enabled, and the Java Heap may be blocking the growth of the native heap
# Possible solutions:
#   Reduce memory load on the system
#   Increase physical memory or swap space
#   Check if swap backing store is full
#   Decrease Java heap size (-Xmx/-Xms)
#   Decrease number of Java threads
#   Decrease Java thread stack sizes (-Xss)
#   Set larger code cache with -XX:ReservedCodeCacheSize=
#   JVM is running with Unscaled Compressed Oops mode in which the Java heap is
#     placed in the first 4GB address space. The Java Heap base address is the
#     maximum limit for the native heap growth. Please use -XX:HeapBaseMinAddress
#     to set the Java Heap base and to place the Java Heap above 4GB virtual address.
# This output file may be truncated or incomplete.
#
#  Out of Memory Error (allocation.cpp:389), pid=11152, tid=0x0000000000003a6c
#
# JRE version: Java(TM) SE Runtime Environment (8.0_221-b11) (build 1.8.0_221-b11)
# Java VM: Java HotSpot(TM) 64-Bit Server VM (25.221-b11 mixed mode windows-amd64 compressed oops)
# Failed to write core dump. Minidumps are not enabled by default on client versions of Windows
#

---------------  T H R E A D  ---------------

Current thread (0x0000000013dd9000):  JavaThread "C2 CompilerThread0" daemon [_thread_in_native, id=14956, stack(0x0000000015410000,0x0000000015510000)]

Stack: [0x0000000015410000,0x0000000015510000]
[error occurred during error reporting (printing stack bounds), id 0xc0000005]

Native frames: (J=compiled Java code, j=interpreted, Vv=VM code, C=native code)


Current CompileTask:
C2:  12477 2804       4       org.objectweb.asm.Frame::execute (2318 bytes)


---------------  P R O C E S S  ---------------

Java Threads: ( => current thread )
  0x0000000016a01800 JavaThread "Cache worker for execution history cache (C:\Users\WiN 10\.gradle\caches\6.3\executionHistory)" [_thread_blocked, id=12068, stack(0x000000001d950000,0x000000001da50000)]
  0x00000000169fc800 JavaThread "Cache worker for cache directory md-rule (C:\Users\WiN 10\.gradle\caches\6.3\md-rule)" [_thread_blocked, id=8468, stack(0x000000001d650000,0x000000001d750000)]
  0x0000000016a01000 JavaThread "Cache worker for cache directory md-supplier (C:\Users\WiN 10\.gradle\caches\6.3\md-supplier)" [_thread_blocked, id=5648, stack(0x000000001d550000,0x000000001d650000)]
  0x00000000169fb800 JavaThread "Cache worker for file hash cache (C:\Users\WiN 10\Desktop\CardDataCollectionSystem\server\.gradle\6.3\fileHashes)" [_thread_blocked, id=16724, stack(0x000000001bfd0000,0x000000001c0d0000)]
  0x0000000016a00000 JavaThread "Cache worker for checksums cache (C:\Users\WiN 10\Desktop\CardDataCollectionSystem\server\.gradle\checksums)" [_thread_blocked, id=14352, stack(0x000000001bcd0000,0x000000001bdd0000)]
  0x00000000169fd000 JavaThread "Cache worker for file hash cache (C:\Users\WiN 10\.gradle\caches\6.3\fileHashes)" [_thread_blocked, id=8580, stack(0x0000000019c30000,0x0000000019d30000)]
  0x00000000169fe000 JavaThread "File lock request listener" [_thread_in_native, id=2208, stack(0x0000000019a30000,0x0000000019b30000)]
  0x00000000169ff800 JavaThread "Cache worker for journal cache (C:\Users\WiN 10\.gradle\caches\journal-1)" [_thread_blocked, id=16420, stack(0x0000000019930000,0x0000000019a30000)]
  0x000000001585a000 JavaThread "Thread-9" [_thread_blocked, id=16944, stack(0x0000000019630000,0x0000000019730000)]
  0x0000000015856000 JavaThread "Stdin handler" [_thread_blocked, id=18812, stack(0x0000000019530000,0x0000000019630000)]
  0x00000000178ca000 JavaThread "Asynchronous log dispatcher for DefaultDaemonConnection: socket connection from /127.0.0.1:57276 to /127.0.0.1:57277" [_thread_blocked, id=756, stack(0x0000000019430000,0x0000000019530000)]
  0x0000000016d47000 JavaThread "Daemon worker" [_thread_in_vm, id=12320, stack(0x0000000019330000,0x0000000019430000)]
  0x00000000178c7800 JavaThread "Cancel handler" [_thread_blocked, id=14356, stack(0x0000000019230000,0x0000000019330000)]
  0x0000000017931000 JavaThread "Handler for socket connection from /127.0.0.1:57276 to /127.0.0.1:57277" [_thread_in_native, id=8936, stack(0x0000000018f30000,0x0000000019030000)]
  0x000000001792d800 JavaThread "Daemon" [_thread_blocked, id=2544, stack(0x0000000018e30000,0x0000000018f30000)]
  0x0000000017861800 JavaThread "Daemon periodic checks" [_thread_blocked, id=17712, stack(0x0000000018d30000,0x0000000018e30000)]
  0x000000001785e800 JavaThread "Incoming local TCP Connector on port 57276" [_thread_in_native, id=20100, stack(0x0000000018af0000,0x0000000018bf0000)]
  0x000000001767f000 JavaThread "Daemon health stats" [_thread_blocked, id=16092, stack(0x00000000184b0000,0x00000000185b0000)]
  0x000000001577f800 JavaThread "Service Thread" daemon [_thread_blocked, id=3768, stack(0x0000000015b10000,0x0000000015c10000)]
  0x0000000013e2b000 JavaThread "C1 CompilerThread2" daemon [_thread_in_native, id=1644, stack(0x0000000015610000,0x0000000015710000)]
  0x0000000013ddd000 JavaThread "C2 CompilerThread1" daemon [_thread_in_native, id=22752, stack(0x0000000015510000,0x0000000015610000)]
=>0x0000000013dd9000 JavaThread "C2 CompilerThread0" daemon [_thread_in_native, id=14956, stack(0x0000000015410000,0x0000000015510000)]
  0x0000000013dd8000 JavaThread "Attach Listener" daemon [_thread_blocked, id=11728, stack(0x0000000015310000,0x0000000015410000)]
  0x0000000013e26000 JavaThread "Signal Dispatcher" daemon [_thread_blocked, id=23312, stack(0x0000000015210000,0x0000000015310000)]
  0x00000000029ab000 JavaThread "Finalizer" daemon [_thread_blocked, id=16972, stack(0x0000000015020000,0x0000000015120000)]
  0x00000000029a2800 JavaThread "Reference Handler" daemon [_thread_blocked, id=14272, stack(0x0000000014f20000,0x0000000015020000)]
  0x00000000028b2800 JavaThread "main" [_thread_blocked, id=3328, stack(0x0000000002770000,0x0000000002870000)]

Other Threads:
  0x0000000013d97000 VMThread [stack: 0x0000000014e20000,0x0000000014f20000] [id=18772]
  0x00000000157ad000 WatcherThread [stack: 0x0000000015c10000,0x0000000015d10000] [id=11084]

VM state:not at safepoint (normal execution)

VM Mutex/Monitor currently owned by a thread: None

heap address: 0x00000000e0000000, size: 512 MB, Compressed Oops mode: 32-bit
Narrow klass base: 0x0000000000000000, Narrow klass shift: 3
Compressed class space size: 1073741824 Address: 0x0000000100000000

Heap:
 PSYoungGen      total 76288K, used 63171K [0x00000000f5580000, 0x00000000faa80000, 0x0000000100000000)
  eden space 65536K, 83% used [0x00000000f5580000,0x00000000f8b34db0,0x00000000f9580000)
  from space 10752K, 76% used [0x00000000f9580000,0x00000000f9d7c0e0,0x00000000fa000000)
  to   space 10752K, 0% used [0x00000000fa000000,0x00000000fa000000,0x00000000faa80000)
 ParOldGen       total 175104K, used 8854K [0x00000000e0000000, 0x00000000eab00000, 0x00000000f5580000)
  object space 175104K, 5% used [0x00000000e0000000,0x00000000e08a59b8,0x00000000eab00000)
 Metaspace       used 32892K, capacity 33768K, committed 34048K, reserved 1079296K
  class space    used 4514K, capacity 4760K, committed 4864K, reserved 1048576K

Card table byte_map: [0x0000000011d70000,0x0000000011e80000] byte_map_base: 0x0000000011670000

Marking Bits: (ParMarkBitMap*) 0x0000000070765ce0
 Begin Bits: [0x0000000012330000, 0x0000000012b30000)
 End Bits:   [0x0000000012b30000, 0x0000000013330000)

Polling page: 0x0000000000a20000

CodeCache: size=245760Kb used=9743Kb max_used=9743Kb free=236016Kb
 bounds [0x00000000029b0000, 0x0000000003340000, 0x00000000119b0000]
 total_blobs=3284 nmethods=2595 adapters=601
 compilation: enabled

Compilation events (10 events):
Event: 12.458 Thread 0x0000000013e2b000 2801       3       org.objectweb.asm.Label::addLineNumber (89 bytes)
Event: 12.459 Thread 0x0000000013e2b000 nmethod 2801 0x0000000003330890 code [0x0000000003330a20, 0x0000000003330ec8]
Event: 12.460 Thread 0x0000000013dd9000 2804       4       org.objectweb.asm.Frame::execute (2318 bytes)
Event: 12.460 Thread 0x0000000013e2b000 2805       3       java.util.ArrayList::indexOf (67 bytes)
Event: 12.461 Thread 0x0000000013e2b000 nmethod 2805 0x0000000003330010 code [0x00000000033301a0, 0x0000000003330668]
Event: 12.461 Thread 0x0000000013e2b000 2806       1       java.lang.reflect.Constructor::getSignature (5 bytes)
Event: 12.461 Thread 0x0000000013e2b000 nmethod 2806 0x000000000332fd50 code [0x000000000332fea0, 0x000000000332ffb0]
Event: 12.469 Thread 0x0000000013e2b000 2808       3       org.objectweb.asm.Type::getDescriptor (18 bytes)
Event: 12.469 Thread 0x0000000013e2b000 nmethod 2808 0x000000000332f490 code [0x000000000332f620, 0x000000000332fb18]
Event: 12.469 Thread 0x0000000013e2b000 2810       3       org.objectweb.asm.ClassReader::readCode (5089 bytes)

GC Heap History (10 events):
Event: 6.067 GC heap before
{Heap before GC invocations=2 (full 0):
 PSYoungGen      total 76288K, used 71323K [0x00000000f5580000, 0x00000000faa80000, 0x0000000100000000)
  eden space 65536K, 100% used [0x00000000f5580000,0x00000000f9580000,0x00000000f9580000)
  from space 10752K, 53% used [0x00000000f9580000,0x00000000f9b26f30,0x00000000fa000000)
  to   space 10752K, 0% used [0x00000000fa000000,0x00000000fa000000,0x00000000faa80000)
 ParOldGen       total 175104K, used 16K [0x00000000e0000000, 0x00000000eab00000, 0x00000000f5580000)
  object space 175104K, 0% used [0x00000000e0000000,0x00000000e0004000,0x00000000eab00000)
 Metaspace       used 15123K, capacity 15530K, committed 15744K, reserved 1062912K
  class space    used 2042K, capacity 2161K, committed 2176K, reserved 1048576K
Event: 6.088 GC heap after
Heap after GC invocations=2 (full 0):
 PSYoungGen      total 76288K, used 9323K [0x00000000f5580000, 0x00000000faa80000, 0x0000000100000000)
  eden space 65536K, 0% used [0x00000000f5580000,0x00000000f5580000,0x00000000f9580000)
  from space 10752K, 86% used [0x00000000fa000000,0x00000000fa91af40,0x00000000faa80000)
  to   space 10752K, 0% used [0x00000000f9580000,0x00000000f9580000,0x00000000fa000000)
 ParOldGen       total 175104K, used 24K [0x00000000e0000000, 0x00000000eab00000, 0x00000000f5580000)
  object space 175104K, 0% used [0x00000000e0000000,0x00000000e0006000,0x00000000eab00000)
 Metaspace       used 15123K, capacity 15530K, committed 15744K, reserved 1062912K
  class space    used 2042K, capacity 2161K, committed 2176K, reserved 1048576K
}
Event: 8.038 GC heap before
{Heap before GC invocations=3 (full 0):
 PSYoungGen      total 76288K, used 74859K [0x00000000f5580000, 0x00000000faa80000, 0x0000000100000000)
  eden space 65536K, 100% used [0x00000000f5580000,0x00000000f9580000,0x00000000f9580000)
  from space 10752K, 86% used [0x00000000fa000000,0x00000000fa91af40,0x00000000faa80000)
  to   space 10752K, 0% used [0x00000000f9580000,0x00000000f9580000,0x00000000fa000000)
 ParOldGen       total 175104K, used 24K [0x00000000e0000000, 0x00000000eab00000, 0x00000000f5580000)
  object space 175104K, 0% used [0x00000000e0000000,0x00000000e0006000,0x00000000eab00000)
 Metaspace       used 20437K, capacity 21090K, committed 21296K, reserved 1067008K
  class space    used 2933K, capacity 3121K, committed 3200K, reserved 1048576K
Event: 8.064 GC heap after
Heap after GC invocations=3 (full 0):
 PSYoungGen      total 76288K, used 10735K [0x00000000f5580000, 0x00000000faa80000, 0x0000000100000000)
  eden space 65536K, 0% used [0x00000000f5580000,0x00000000f5580000,0x00000000f9580000)
  from space 10752K, 99% used [0x00000000f9580000,0x00000000f9ffbd28,0x00000000fa000000)
  to   space 10752K, 0% used [0x00000000fa000000,0x00000000fa000000,0x00000000faa80000)
 ParOldGen       total 175104K, used 1907K [0x00000000e0000000, 0x00000000eab00000, 0x00000000f5580000)
  object space 175104K, 1% used [0x00000000e0000000,0x00000000e01dcea0,0x00000000eab00000)
 Metaspace       used 20437K, capacity 21090K, committed 21296K, reserved 1067008K
  class space    used 2933K, capacity 3121K, committed 3200K, reserved 1048576K
}
Event: 8.102 GC heap before
{Heap before GC invocations=4 (full 0):
 PSYoungGen      total 76288K, used 14978K [0x00000000f5580000, 0x00000000faa80000, 0x0000000100000000)
  eden space 65536K, 6% used [0x00000000f5580000,0x00000000f59a4b70,0x00000000f9580000)
  from space 10752K, 99% used [0x00000000f9580000,0x00000000f9ffbd28,0x00000000fa000000)
  to   space 10752K, 0% used [0x00000000fa000000,0x00000000fa000000,0x00000000faa80000)
 ParOldGen       total 175104K, used 1907K [0x00000000e0000000, 0x00000000eab00000, 0x00000000f5580000)
  object space 175104K, 1% used [0x00000000e0000000,0x00000000e01dcea0,0x00000000eab00000)
 Metaspace       used 20558K, capacity 21186K, committed 21296K, reserved 1067008K
  class space    used 2943K, capacity 3153K, committed 3200K, reserved 1048576K
Event: 8.125 GC heap after
Heap after GC invocations=4 (full 0):
 PSYoungGen      total 76288K, used 8942K [0x00000000f5580000, 0x00000000faa80000, 0x0000000100000000)
  eden space 65536K, 0% used [0x00000000f5580000,0x00000000f5580000,0x00000000f9580000)
  from space 10752K, 83% used [0x00000000fa000000,0x00000000fa8bb960,0x00000000faa80000)
  to   space 10752K, 0% used [0x00000000f9580000,0x00000000f9580000,0x00000000fa000000)
 ParOldGen       total 175104K, used 1915K [0x00000000e0000000, 0x00000000eab00000, 0x00000000f5580000)
  object space 175104K, 1% used [0x00000000e0000000,0x00000000e01deea0,0x00000000eab00000)
 Metaspace       used 20558K, capacity 21186K, committed 21296K, reserved 1067008K
  class space    used 2943K, capacity 3153K, committed 3200K, reserved 1048576K
}
Event: 8.125 GC heap before
{Heap before GC invocations=5 (full 1):
 PSYoungGen      total 76288K, used 8942K [0x00000000f5580000, 0x00000000faa80000, 0x0000000100000000)
  eden space 65536K, 0% used [0x00000000f5580000,0x00000000f5580000,0x00000000f9580000)
  from space 10752K, 83% used [0x00000000fa000000,0x00000000fa8bb960,0x00000000faa80000)
  to   space 10752K, 0% used [0x00000000f9580000,0x00000000f9580000,0x00000000fa000000)
 ParOldGen       total 175104K, used 1915K [0x00000000e0000000, 0x00000000eab00000, 0x00000000f5580000)
  object space 175104K, 1% used [0x00000000e0000000,0x00000000e01deea0,0x00000000eab00000)
 Metaspace       used 20558K, capacity 21186K, committed 21296K, reserved 1067008K
  class space    used 2943K, capacity 3153K, committed 3200K, reserved 1048576K
Event: 8.202 GC heap after
Heap after GC invocations=5 (full 1):
 PSYoungGen      total 76288K, used 0K [0x00000000f5580000, 0x00000000faa80000, 0x0000000100000000)
  eden space 65536K, 0% used [0x00000000f5580000,0x00000000f5580000,0x00000000f9580000)
  from space 10752K, 0% used [0x00000000fa000000,0x00000000fa000000,0x00000000faa80000)
  to   space 10752K, 0% used [0x00000000f9580000,0x00000000f9580000,0x00000000fa000000)
 ParOldGen       total 175104K, used 8846K [0x00000000e0000000, 0x00000000eab00000, 0x00000000f5580000)
  object space 175104K, 5% used [0x00000000e0000000,0x00000000e08a39b8,0x00000000eab00000)
 Metaspace       used 20558K, capacity 21186K, committed 21296K, reserved 1067008K
  class space    used 2943K, capacity 3153K, committed 3200K, reserved 1048576K
}
Event: 10.374 GC heap before
{Heap before GC invocations=6 (full 1):
 PSYoungGen      total 76288K, used 65536K [0x00000000f5580000, 0x00000000faa80000, 0x0000000100000000)
  eden space 65536K, 100% used [0x00000000f5580000,0x00000000f9580000,0x00000000f9580000)
  from space 10752K, 0% used [0x00000000fa000000,0x00000000fa000000,0x00000000faa80000)
  to   space 10752K, 0% used [0x00000000f9580000,0x00000000f9580000,0x00000000fa000000)
 ParOldGen       total 175104K, used 8846K [0x00000000e0000000, 0x00000000eab00000, 0x00000000f5580000)
  object space 175104K, 5% used [0x00000000e0000000,0x00000000e08a39b8,0x00000000eab00000)
 Metaspace       used 28334K, capacity 29216K, committed 29312K, reserved 1075200K
  class space    used 3981K, capacity 4219K, committed 4224K, reserved 1048576K
Event: 10.395 GC heap after
Heap after GC invocations=6 (full 1):
 PSYoungGen      total 76288K, used 8176K [0x00000000f5580000, 0x00000000faa80000, 0x0000000100000000)
  eden space 65536K, 0% used [0x00000000f5580000,0x00000000f5580000,0x00000000f9580000)
  from space 10752K, 76% used [0x00000000f9580000,0x00000000f9d7c0e0,0x00000000fa000000)
  to   space 10752K, 0% used [0x00000000fa000000,0x00000000fa000000,0x00000000faa80000)
 ParOldGen       total 175104K, used 8854K [0x00000000e0000000, 0x00000000eab00000, 0x00000000f5580000)
  object space 175104K, 5% used [0x00000000e0000000,0x00000000e08a59b8,0x00000000eab00000)
 Metaspace       used 28334K, capacity 29216K, committed 29312K, reserved 1075200K
  class space    used 3981K, capacity 4219K, committed 4224K, reserved 1048576K
}

Deoptimization events (10 events):
Event: 9.856 Thread 0x0000000016d47000 Uncommon trap: reason=unstable_if action=reinterpret pc=0x0000000002baa3ec method=java.lang.ClassLoader.getClassLoadingLock(Ljava/lang/String;)Ljava/lang/Object; @ 6
Event: 10.396 Thread 0x00000000029a2800 Uncommon trap: reason=unstable_if action=reinterpret pc=0x0000000002b2913c method=java.lang.ref.Reference.tryHandlePending(Z)Z @ 104
Event: 10.769 Thread 0x0000000016d47000 Uncommon trap: reason=unstable_if action=reinterpret pc=0x0000000002bf0a38 method=java.lang.String.regionMatches(ZILjava/lang/String;II)Z @ 41
Event: 11.502 Thread 0x0000000016d47000 Uncommon trap: reason=unstable_if action=reinterpret pc=0x0000000002dd92c8 method=java.util.HashMap.putVal(ILjava/lang/Object;Ljava/lang/Object;ZZ)Ljava/lang/Object; @ 162
Event: 12.000 Thread 0x0000000016d47000 Uncommon trap: reason=unstable_if action=reinterpret pc=0x0000000002ce3044 method=java.util.HashMap.getNode(ILjava/lang/Object;)Ljava/util/HashMap$Node; @ 53
Event: 12.000 Thread 0x0000000016d47000 Uncommon trap: reason=unstable_if action=reinterpret pc=0x0000000002c7edb0 method=java.util.HashMap.hash(Ljava/lang/Object;)I @ 1
Event: 12.132 Thread 0x0000000016d47000 Uncommon trap: reason=bimorphic action=maybe_recompile pc=0x0000000003282e9c method=java.util.AbstractCollection.addAll(Ljava/util/Collection;)Z @ 29
Event: 12.140 Thread 0x0000000016d47000 Uncommon trap: reason=unstable_if action=reinterpret pc=0x0000000002f40850 method=org.codehaus.groovy.runtime.metaclass.MetaMethodIndex.addMethodToList(Ljava/lang/Object;Lgroovy/lang/MetaMethod;)Ljava/lang/Object; @ 226
Event: 12.303 Thread 0x0000000016d47000 Uncommon trap: reason=unstable_if action=reinterpret pc=0x0000000003286cc8 method=org.objectweb.asm.ByteVector.putShort(I)Lorg/objectweb/asm/ByteVector; @ 13
Event: 12.385 Thread 0x0000000016d47000 Uncommon trap: reason=unstable_if action=reinterpret pc=0x00000000032c3284 method=org.gradle.internal.reflect.PropertyAccessorType.isGetGetterName(Ljava/lang/String;)Z @ 14

Classes redefined (0 events):
No events

Internal exceptions (10 events):
Event: 11.643 Thread 0x0000000016d47000 Exception <a 'java/lang/ClassNotFoundException': org/gradle/initialization/DefaultSettings_DecoratedCustomizer> (0x00000000f7014430) thrown at [C:\re\workspace\8-2-build-windows-amd64-cygwin\jdk8u221\13320\hotspot\src\share\vm\classfile\systemDictionary.c
Event: 11.653 Thread 0x0000000016d47000 Exception <a 'java/lang/ClassNotFoundException': org/gradle/initialization/DefaultProjectDescriptorBeanInfo> (0x00000000f70dc920) thrown at [C:\re\workspace\8-2-build-windows-amd64-cygwin\jdk8u221\13320\hotspot\src\share\vm\classfile\systemDictionary.cpp,
Event: 11.654 Thread 0x0000000016d47000 Exception <a 'java/lang/ClassNotFoundException': org/gradle/initialization/DefaultProjectDescriptorCustomizer> (0x00000000f710c118) thrown at [C:\re\workspace\8-2-build-windows-amd64-cygwin\jdk8u221\13320\hotspot\src\share\vm\classfile\systemDictionary.cp
Event: 12.000 Thread 0x0000000016d47000 Implicit null exception at 0x0000000002c7ed18 to 0x0000000002c7eda6
Event: 12.151 Thread 0x0000000016d47000 Exception <a 'java/lang/ClassNotFoundException': org/gradle/api/internal/project/DefaultProject_DecoratedBeanInfo> (0x00000000f821f220) thrown at [C:\re\workspace\8-2-build-windows-amd64-cygwin\jdk8u221\13320\hotspot\src\share\vm\classfile\systemDictionar
Event: 12.155 Thread 0x0000000016d47000 Exception <a 'java/lang/ClassNotFoundException': org/gradle/api/internal/project/DefaultProjectBeanInfo> (0x00000000f8239ed0) thrown at [C:\re\workspace\8-2-build-windows-amd64-cygwin\jdk8u221\13320\hotspot\src\share\vm\classfile\systemDictionary.cpp, lin
Event: 12.156 Thread 0x0000000016d47000 Exception <a 'java/lang/ClassNotFoundException': org/gradle/api/internal/project/DefaultProjectCustomizer> (0x00000000f82556d0) thrown at [C:\re\workspace\8-2-build-windows-amd64-cygwin\jdk8u221\13320\hotspot\src\share\vm\classfile\systemDictionary.cpp, l
Event: 12.202 Thread 0x0000000016d47000 Exception <a 'java/lang/ClassNotFoundException': org/gradle/api/internal/project/DefaultProject_DecoratedCustomizer> (0x00000000f8344a28) thrown at [C:\re\workspace\8-2-build-windows-amd64-cygwin\jdk8u221\13320\hotspot\src\share\vm\classfile\systemDiction
Event: 12.272 Thread 0x0000000016d47000 Exception <a 'java/lang/ClassNotFoundException': org/gradle/api/internal/plugins/DefaultObjectConfigurationActionBeanInfo> (0x00000000f8449ba8) thrown at [C:\re\workspace\8-2-build-windows-amd64-cygwin\jdk8u221\13320\hotspot\src\share\vm\classfile\systemD
Event: 12.273 Thread 0x0000000016d47000 Exception <a 'java/lang/ClassNotFoundException': org/gradle/api/internal/plugins/DefaultObjectConfigurationActionCustomizer> (0x00000000f8469bd8) thrown at [C:\re\workspace\8-2-build-windows-amd64-cygwin\jdk8u221\13320\hotspot\src\share\vm\classfile\syste

Events (10 events):
Event: 12.464 loading class org/gradle/api/internal/plugins/DslObject
Event: 12.464 loading class org/gradle/api/internal/plugins/DslObject done
Event: 12.465 loading class org/gradle/api/internal/GeneratedSubclasses
Event: 12.465 loading class org/gradle/api/internal/GeneratedSubclasses done
Event: 12.466 loading class org/gradle/internal/xml/XmlTransformer
Event: 12.466 loading class org/gradle/internal/xml/XmlTransformer done
Event: 12.467 loading class org/gradle/plugins/ide/api/XmlFileContentMerger
Event: 12.467 loading class org/gradle/plugins/ide/api/XmlFileContentMerger done
Event: 12.468 loading class org/gradle/plugins/ide/api/FileContentMerger
Event: 12.468 loading class org/gradle/plugins/ide/api/FileContentMerger done


Dynamic libraries:
0x00007ff6c9040000 - 0x00007ff6c9077000 	C:\Program Files\Java\jdk1.8.0_221\bin\java.exe
0x00007ff99d960000 - 0x00007ff99db41000 	C:\WINDOWS\SYSTEM32\ntdll.dll
0x00007ff99d130000 - 0x00007ff99d1e1000 	C:\WINDOWS\System32\KERNEL32.DLL
0x00007ff99a260000 - 0x00007ff99a4d3000 	C:\WINDOWS\System32\KERNELBASE.dll
0x00007ff99d010000 - 0x00007ff99d0b1000 	C:\WINDOWS\System32\ADVAPI32.dll
0x00007ff99b660000 - 0x00007ff99b6fe000 	C:\WINDOWS\System32\msvcrt.dll
0x00007ff99d320000 - 0x00007ff99d37b000 	C:\WINDOWS\System32\sechost.dll
0x00007ff99d1f0000 - 0x00007ff99d314000 	C:\WINDOWS\System32\RPCRT4.dll
0x00007ff99af80000 - 0x00007ff99b110000 	C:\WINDOWS\System32\USER32.dll
0x00007ff99ad20000 - 0x00007ff99ad40000 	C:\WINDOWS\System32\win32u.dll
0x00007ff99d8f0000 - 0x00007ff99d918000 	C:\WINDOWS\System32\GDI32.dll
0x00007ff99a0c0000 - 0x00007ff99a251000 	C:\WINDOWS\System32\gdi32full.dll
0x00007ff99ad40000 - 0x00007ff99addf000 	C:\WINDOWS\System32\msvcp_win.dll
0x00007ff999fc0000 - 0x00007ff99a0b8000 	C:\WINDOWS\System32\ucrtbase.dll
0x00007ff986520000 - 0x00007ff986789000 	C:\WINDOWS\WinSxS\amd64_microsoft.windows.common-controls_6595b64144ccf1df_6.0.17134.1365_none_d401d10f7c8e8b9b\COMCTL32.dll
0x00007ff99cb60000 - 0x00007ff99ce81000 	C:\WINDOWS\System32\combase.dll
0x00007ff99aca0000 - 0x00007ff99ad19000 	C:\WINDOWS\System32\bcryptPrimitives.dll
0x00007ff99d7f0000 - 0x00007ff99d81d000 	C:\WINDOWS\System32\IMM32.DLL
0x00000000707f0000 - 0x00000000708c2000 	C:\Program Files\Java\jdk1.8.0_221\jre\bin\msvcr100.dll
0x000000006ff40000 - 0x00000000707e5000 	C:\Program Files\Java\jdk1.8.0_221\jre\bin\server\jvm.dll
0x00007ff99d920000 - 0x00007ff99d928000 	C:\WINDOWS\System32\PSAPI.DLL
0x00007ff9851f0000 - 0x00007ff9851f9000 	C:\WINDOWS\SYSTEM32\WSOCK32.dll
0x00007ff99d460000 - 0x00007ff99d4cc000 	C:\WINDOWS\System32\WS2_32.dll
0x00007ff994960000 - 0x00007ff99496a000 	C:\WINDOWS\SYSTEM32\VERSION.dll
0x00007ff990530000 - 0x00007ff990553000 	C:\WINDOWS\SYSTEM32\WINMM.dll
0x00007ff990270000 - 0x00007ff99029a000 	C:\WINDOWS\SYSTEM32\winmmbase.dll
0x00007ff99ac50000 - 0x00007ff99ac99000 	C:\WINDOWS\System32\cfgmgr32.dll
0x00007ff971480000 - 0x00007ff97148f000 	C:\Program Files\Java\jdk1.8.0_221\jre\bin\verify.dll
0x00007ff968f50000 - 0x00007ff968f79000 	C:\Program Files\Java\jdk1.8.0_221\jre\bin\java.dll
0x00007ff965200000 - 0x00007ff965216000 	C:\Program Files\Java\jdk1.8.0_221\jre\bin\zip.dll
0x00007ff99b700000 - 0x00007ff99cb45000 	C:\WINDOWS\System32\SHELL32.dll
0x00007ff99d630000 - 0x00007ff99d6d9000 	C:\WINDOWS\System32\shcore.dll
0x00007ff99a4e0000 - 0x00007ff99abf0000 	C:\WINDOWS\System32\windows.storage.dll
0x00007ff99b110000 - 0x00007ff99b161000 	C:\WINDOWS\System32\shlwapi.dll
0x00007ff999cc0000 - 0x00007ff999cd1000 	C:\WINDOWS\System32\kernel.appcore.dll
0x00007ff999d00000 - 0x00007ff999d1f000 	C:\WINDOWS\System32\profapi.dll
0x00007ff999c70000 - 0x00007ff999cbc000 	C:\WINDOWS\System32\powrprof.dll
0x00007ff999c60000 - 0x00007ff999c6a000 	C:\WINDOWS\System32\FLTLIB.DLL
0x00007ff995700000 - 0x00007ff99571a000 	C:\Program Files\Java\jdk1.8.0_221\jre\bin\net.dll
0x00007ff985c10000 - 0x00007ff985ddb000 	C:\WINDOWS\SYSTEM32\urlmon.dll
0x00007ff985350000 - 0x00007ff9855f7000 	C:\WINDOWS\SYSTEM32\iertutil.dll
0x00007ff9996b0000 - 0x00007ff9996bb000 	C:\WINDOWS\SYSTEM32\CRYPTBASE.DLL
0x00007ff9994e0000 - 0x00007ff999546000 	C:\WINDOWS\system32\mswsock.dll
0x00007ff967240000 - 0x00007ff967252000 	C:\Program Files\Java\jdk1.8.0_221\jre\bin\nio.dll
0x00007ff95fb20000 - 0x00007ff95fb47000 	C:\Users\WiN 10\.gradle\native\c976cfcca226fdd4bee4412e95191dd41148b7504f9625baeda1d523bc39a967\windows-amd64\native-platform.dll
0x00007ff971230000 - 0x00007ff97123d000 	C:\Program Files\Java\jdk1.8.0_221\jre\bin\management.dll
0x00007ff999690000 - 0x00007ff9996a7000 	C:\WINDOWS\SYSTEM32\CRYPTSP.dll
0x00007ff999090000 - 0x00007ff9990c3000 	C:\WINDOWS\system32\rsaenh.dll
0x00007ff9997c0000 - 0x00007ff9997e5000 	C:\WINDOWS\SYSTEM32\bcrypt.dll
0x00007ff999b60000 - 0x00007ff999b88000 	C:\WINDOWS\SYSTEM32\USERENV.dll
0x00007ff999230000 - 0x00007ff999268000 	C:\WINDOWS\SYSTEM32\IPHLPAPI.DLL
0x00007ff99cb50000 - 0x00007ff99cb58000 	C:\WINDOWS\System32\NSI.dll
0x00007ff9950a0000 - 0x00007ff9950b6000 	C:\WINDOWS\SYSTEM32\dhcpcsvc6.DLL
0x00007ff995050000 - 0x00007ff99506a000 	C:\WINDOWS\SYSTEM32\dhcpcsvc.DLL

VM Arguments:
jvm_args: -XX:MaxMetaspaceSize=256m -XX:+HeapDumpOnOutOfMemoryError -Xms256m -Xmx512m -Dfile.encoding=utf8 -Duser.country=US -Duser.language=en -Duser.variant 
java_command: org.gradle.launcher.daemon.bootstrap.GradleDaemon 6.3
java_class_path (initial): C:\Users\WiN 10\.gradle\wrapper\dists\gradle-6.3-bin\8tpu6egwsccjzp10c1jckl0rx\gradle-6.3\lib\gradle-launcher-6.3.jar
Launcher Type: SUN_STANDARD

Environment Variables:
JAVA_HOME=C:\Program Files\Java\jdk1.8.0_221
PATH=C:\Program Files (x86)\IBM\SPSS\Modeler\14\bin\;C:\Program Files (x86)\Common Files\Oracle\Java\javapath;C:\oraclexe\app\oracle\product\11.2.0\server\bin;C:\oraclexe\app\oracle\product\11.2.0\server\bin;C:\ProgramData\Oracle\Java\javapath;C:\WINDOWS\system32;C:\WINDOWS;C:\WINDOWS\System32\Wbem;C:\WINDOWS\System32\WindowsPowerShell\v1.0\;C:\Program Files (x86)\AMD\ATI.ACE\Core-Static;C:\WINDOWS\System32\OpenSSH\;C:\Program Files\Git\cmd;C:\Program Files\Java\jdk1.8.0_221\bin;C:\Program Files\Java\jre1.8.0_221\bin;%JAVA_HOME%\bin;C:\Program Files\nodejs\;C:\Program Files\gradle-2.8\;%GRADLE_HOME%\bin;%GRADLE_HOME%;C:\Program Files\gradle-2.8\bin;C:\Program Files (x86)\Yarn\bin\;C:\Program Files (x86)\Tesseract-OCR;C:\Program Files (x86)\Tesseract-OCR\tessdata;C:\Users\WiN 10\Documents\opencv\build\bin;C:\Users\WiN 10\Documents\opencv\build\java;C:\Users\WiN 10\Documents\opencv\build\java\x64;C:\Users\WiN 10\Documents\Tess4J;C:\Users\WiN 10\Documents\Tess4J\tessdata;C:\Users\WiN 10\AppData\Local\Programs\Python\Python37-32\Scripts\;C:\Users\WiN 10\AppData\Local\Programs\Python\Python37-32\;C:\Users\WiN 10\AppData\Local\Microsoft\WindowsApps;C:\Users\WiN 10\AppData\Local\Programs\Microsoft VS Code\bin;C:\Users\WiN 10\AppData\Local\Programs\Python\Python37-32\Scripts;C:\Program Files\JetBrains\IntelliJ IDEA 2019.2\bin;;C:\Users\WiN 10\AppData\Roaming\npm;C:\Program Files\gradle-2.8\bin;C:\Users\WiN 10\AppData\Local\Yarn\bin;C:\Users\WiN 10\Documents\opencv\build\bin;
USERNAME=WiN 10
OS=Windows_NT
PROCESSOR_IDENTIFIER=Intel64 Family 6 Model 78 Stepping 3, GenuineIntel



---------------  S Y S T E M  ---------------

OS: Windows 10.0 , 64 bit Build 17134 (10.0.17134.753)

CPU:total 4 (initial active 4) (2 cores per cpu, 2 threads per core) family 6 model 78 stepping 3, cmov, cx8, fxsr, mmx, sse, sse2, sse3, ssse3, sse4.1, sse4.2, popcnt, avx, avx2, aes, clmul, erms, 3dnowpref, lzcnt, ht, tsc, tscinvbit, bmi1, bmi2, adx

Memory: 4k page, physical 4083616k(265200k free), swap 16666528k(280k free)

vm_info: Java HotSpot(TM) 64-Bit Server VM (25.221-b11) for windows-amd64 JRE (1.8.0_221-b11), built on Jul  4 2019 04:39:29 by "java_re" with MS VC++ 10.0 (VS2010)

time: Fri May 15 01:24:07 2020
timezone: SE Asia Standard Time
elapsed time: 12 seconds (0d 0h 0m 12s)

