#
# There is insufficient memory for the Java Runtime Environment to continue.
# Native memory allocation (malloc) failed to allocate 1732432 bytes for Chunk::new
# Possible reasons:
#   The system is out of physical RAM or swap space
#   The process is running with CompressedOops enabled, and the Java Heap may be blocking the growth of the native heap
# Possible solutions:
#   Reduce memory load on the system
#   Increase physical memory or swap space
#   Check if swap backing store is full
#   Decrease Java heap size (-Xmx/-Xms)
#   Decrease number of Java threads
#   Decrease Java thread stack sizes (-Xss)
#   Set larger code cache with -XX:ReservedCodeCacheSize=
#   JVM is running with Unscaled Compressed Oops mode in which the Java heap is
#     placed in the first 4GB address space. The Java Heap base address is the
#     maximum limit for the native heap growth. Please use -XX:HeapBaseMinAddress
#     to set the Java Heap base and to place the Java Heap above 4GB virtual address.
# This output file may be truncated or incomplete.
#
#  Out of Memory Error (allocation.cpp:389), pid=8060, tid=0x00000000000051b4
#
# JRE version: Java(TM) SE Runtime Environment (8.0_221-b11) (build 1.8.0_221-b11)
# Java VM: Java HotSpot(TM) 64-Bit Server VM (25.221-b11 mixed mode windows-amd64 compressed oops)
# Failed to write core dump. Minidumps are not enabled by default on client versions of Windows
#

---------------  T H R E A D  ---------------

Current thread (0x0000000013a9b800):  JavaThread "C2 CompilerThread1" daemon [_thread_in_native, id=20916, stack(0x00000000151f0000,0x00000000152f0000)]

Stack: [0x00000000151f0000,0x00000000152f0000]
[error occurred during error reporting (printing stack bounds), id 0xc0000005]

Native frames: (J=compiled Java code, j=interpreted, Vv=VM code, C=native code)


Current CompileTask:
C2:  12416 2759       4       java.net.URLClassLoader$1::run (5 bytes)


---------------  P R O C E S S  ---------------

Java Threads: ( => current thread )
  0x0000000016037000 JavaThread "Cache worker for execution history cache (C:\Users\WiN 10\.gradle\caches\6.3\executionHistory)" [_thread_blocked, id=2508, stack(0x000000001d5f0000,0x000000001d6f0000)]
  0x0000000016036000 JavaThread "Cache worker for cache directory md-rule (C:\Users\WiN 10\.gradle\caches\6.3\md-rule)" [_thread_blocked, id=18864, stack(0x000000001d4f0000,0x000000001d5f0000)]
  0x0000000016034800 JavaThread "Cache worker for cache directory md-supplier (C:\Users\WiN 10\.gradle\caches\6.3\md-supplier)" [_thread_blocked, id=18716, stack(0x000000001d3f0000,0x000000001d4f0000)]
  0x0000000016035800 JavaThread "Cache worker for file hash cache (C:\Users\WiN 10\Desktop\CardDataCollectionSystem\server\.gradle\6.3\fileHashes)" [_thread_blocked, id=21864, stack(0x000000001d2f0000,0x000000001d3f0000)]
  0x0000000016034000 JavaThread "Cache worker for checksums cache (C:\Users\WiN 10\Desktop\CardDataCollectionSystem\server\.gradle\checksums)" [_thread_blocked, id=14376, stack(0x000000001cff0000,0x000000001d0f0000)]
  0x0000000016031800 JavaThread "Cache worker for file hash cache (C:\Users\WiN 10\.gradle\caches\6.3\fileHashes)" [_thread_blocked, id=17636, stack(0x0000000019910000,0x0000000019a10000)]
  0x0000000016033000 JavaThread "File lock request listener" [_thread_in_native, id=11048, stack(0x0000000019710000,0x0000000019810000)]
  0x0000000016032800 JavaThread "Cache worker for journal cache (C:\Users\WiN 10\.gradle\caches\journal-1)" [_thread_blocked, id=15144, stack(0x0000000019610000,0x0000000019710000)]
  0x0000000017422800 JavaThread "Thread-9" [_thread_in_Java, id=11416, stack(0x0000000019310000,0x0000000019410000)]
  0x000000001741f800 JavaThread "Stdin handler" [_thread_blocked, id=1912, stack(0x0000000019210000,0x0000000019310000)]
  0x000000001741d000 JavaThread "Asynchronous log dispatcher for DefaultDaemonConnection: socket connection from /127.0.0.1:57317 to /127.0.0.1:57318" [_thread_blocked, id=18368, stack(0x0000000019110000,0x0000000019210000)]
  0x0000000017635800 JavaThread "Daemon worker" [_thread_in_vm, id=3292, stack(0x0000000019010000,0x0000000019110000)]
  0x0000000017633800 JavaThread "Cancel handler" [_thread_blocked, id=1272, stack(0x0000000018f10000,0x0000000019010000)]
  0x0000000016304000 JavaThread "Handler for socket connection from /127.0.0.1:57317 to /127.0.0.1:57318" [_thread_in_native, id=8460, stack(0x0000000018c10000,0x0000000018d10000)]
  0x0000000016300000 JavaThread "Daemon" [_thread_blocked, id=15964, stack(0x0000000018b10000,0x0000000018c10000)]
  0x00000000163d9000 JavaThread "Daemon periodic checks" [_thread_blocked, id=13516, stack(0x0000000018a10000,0x0000000018b10000)]
  0x0000000017502800 JavaThread "Incoming local TCP Connector on port 57317" [_thread_in_native, id=10200, stack(0x00000000187d0000,0x00000000188d0000)]
  0x00000000163e8000 JavaThread "Daemon health stats" [_thread_blocked, id=12260, stack(0x0000000018190000,0x0000000018290000)]
  0x00000000153fb000 JavaThread "Service Thread" daemon [_thread_blocked, id=18208, stack(0x00000000157f0000,0x00000000158f0000)]
  0x0000000013aa1000 JavaThread "C1 CompilerThread2" daemon [_thread_blocked, id=12448, stack(0x00000000152f0000,0x00000000153f0000)]
=>0x0000000013a9b800 JavaThread "C2 CompilerThread1" daemon [_thread_in_native, id=20916, stack(0x00000000151f0000,0x00000000152f0000)]
  0x0000000013a97800 JavaThread "C2 CompilerThread0" daemon [_thread_in_native, id=17480, stack(0x00000000150f0000,0x00000000151f0000)]
  0x0000000013a96000 JavaThread "Attach Listener" daemon [_thread_blocked, id=6124, stack(0x0000000014ff0000,0x00000000150f0000)]
  0x0000000013ae6000 JavaThread "Signal Dispatcher" daemon [_thread_blocked, id=14424, stack(0x0000000014ef0000,0x0000000014ff0000)]
  0x000000000271b000 JavaThread "Finalizer" daemon [_thread_blocked, id=15552, stack(0x0000000014d00000,0x0000000014e00000)]
  0x0000000002712800 JavaThread "Reference Handler" daemon [_thread_blocked, id=4392, stack(0x0000000014c00000,0x0000000014d00000)]
  0x0000000002622800 JavaThread "main" [_thread_blocked, id=14520, stack(0x0000000002520000,0x0000000002620000)]

Other Threads:
  0x0000000013a57000 VMThread [stack: 0x0000000014b00000,0x0000000014c00000] [id=9312]
  0x00000000153fd800 WatcherThread [stack: 0x00000000158f0000,0x00000000159f0000] [id=13660]

VM state:not at safepoint (normal execution)

VM Mutex/Monitor currently owned by a thread: None

heap address: 0x00000000e0000000, size: 512 MB, Compressed Oops mode: 32-bit
Narrow klass base: 0x0000000000000000, Narrow klass shift: 3
Compressed class space size: 1073741824 Address: 0x0000000100000000

Heap:
 PSYoungGen      total 76288K, used 12712K [0x00000000f5580000, 0x00000000faa80000, 0x0000000100000000)
  eden space 65536K, 3% used [0x00000000f5580000,0x00000000f57deb10,0x00000000f9580000)
  from space 10752K, 95% used [0x00000000fa000000,0x00000000faa0b708,0x00000000faa80000)
  to   space 10752K, 0% used [0x00000000f9580000,0x00000000f9580000,0x00000000fa000000)
 ParOldGen       total 175104K, used 8864K [0x00000000e0000000, 0x00000000eab00000, 0x00000000f5580000)
  object space 175104K, 5% used [0x00000000e0000000,0x00000000e08a83c8,0x00000000eab00000)
 Metaspace       used 33436K, capacity 34354K, committed 34560K, reserved 1079296K
  class space    used 4615K, capacity 4863K, committed 4864K, reserved 1048576K

Card table byte_map: [0x0000000011ae0000,0x0000000011bf0000] byte_map_base: 0x00000000113e0000

Marking Bits: (ParMarkBitMap*) 0x0000000070765ce0
 Begin Bits: [0x0000000011ff0000, 0x00000000127f0000)
 End Bits:   [0x00000000127f0000, 0x0000000012ff0000)

Polling page: 0x0000000000bf0000

CodeCache: size=245760Kb used=10150Kb max_used=10202Kb free=235609Kb
 bounds [0x0000000002720000, 0x0000000003120000, 0x0000000011720000]
 total_blobs=3282 nmethods=2593 adapters=601
 compilation: enabled

Compilation events (10 events):
Event: 12.376 Thread 0x0000000013aa1000 2821       3       java.io.ObjectOutputStream::writeTypeString (40 bytes)
Event: 12.377 Thread 0x0000000013aa1000 nmethod 2821 0x000000000311b650 code [0x000000000311b820, 0x000000000311bc48]
Event: 12.380 Thread 0x0000000013aa1000 2823   !   3       java.lang.ref.Reference::tryHandlePending (115 bytes)
Event: 12.381 Thread 0x0000000013aa1000 nmethod 2823 0x000000000311c250 code [0x000000000311c480, 0x000000000311d128]
Event: 12.388 Thread 0x0000000013aa1000 2824       3       java.io.ObjectStreamClass::isExternalizable (9 bytes)
Event: 12.388 Thread 0x0000000013aa1000 nmethod 2824 0x000000000311d650 code [0x000000000311d7c0, 0x000000000311da88]
Event: 12.389 Thread 0x0000000013aa1000 2825       3       java.io.ObjectStreamClass::getClassDataLayout (20 bytes)
Event: 12.389 Thread 0x0000000013aa1000 nmethod 2825 0x00000000028345d0 code [0x0000000002834740, 0x0000000002834948]
Event: 12.398 Thread 0x0000000013aa1000 2826       3       java.util.Collections$SetFromMap::remove (19 bytes)
Event: 12.398 Thread 0x0000000013aa1000 nmethod 2826 0x0000000002847090 code [0x0000000002847200, 0x0000000002847468]

GC Heap History (10 events):
Event: 7.874 GC heap before
{Heap before GC invocations=3 (full 0):
 PSYoungGen      total 76288K, used 74923K [0x00000000f5580000, 0x00000000faa80000, 0x0000000100000000)
  eden space 65536K, 100% used [0x00000000f5580000,0x00000000f9580000,0x00000000f9580000)
  from space 10752K, 87% used [0x00000000fa000000,0x00000000fa92af40,0x00000000faa80000)
  to   space 10752K, 0% used [0x00000000f9580000,0x00000000f9580000,0x00000000fa000000)
 ParOldGen       total 175104K, used 27K [0x00000000e0000000, 0x00000000eab00000, 0x00000000f5580000)
  object space 175104K, 0% used [0x00000000e0000000,0x00000000e0006d88,0x00000000eab00000)
 Metaspace       used 20420K, capacity 21090K, committed 21296K, reserved 1067008K
  class space    used 2933K, capacity 3121K, committed 3200K, reserved 1048576K
Event: 7.903 GC heap after
Heap after GC invocations=3 (full 0):
 PSYoungGen      total 76288K, used 10722K [0x00000000f5580000, 0x00000000faa80000, 0x0000000100000000)
  eden space 65536K, 0% used [0x00000000f5580000,0x00000000f5580000,0x00000000f9580000)
  from space 10752K, 99% used [0x00000000f9580000,0x00000000f9ff89b8,0x00000000fa000000)
  to   space 10752K, 0% used [0x00000000fa000000,0x00000000fa000000,0x00000000faa80000)
 ParOldGen       total 175104K, used 1995K [0x00000000e0000000, 0x00000000eab00000, 0x00000000f5580000)
  object space 175104K, 1% used [0x00000000e0000000,0x00000000e01f2f58,0x00000000eab00000)
 Metaspace       used 20420K, capacity 21090K, committed 21296K, reserved 1067008K
  class space    used 2933K, capacity 3121K, committed 3200K, reserved 1048576K
}
Event: 7.945 GC heap before
{Heap before GC invocations=4 (full 0):
 PSYoungGen      total 76288K, used 14812K [0x00000000f5580000, 0x00000000faa80000, 0x0000000100000000)
  eden space 65536K, 6% used [0x00000000f5580000,0x00000000f597e7e0,0x00000000f9580000)
  from space 10752K, 99% used [0x00000000f9580000,0x00000000f9ff89b8,0x00000000fa000000)
  to   space 10752K, 0% used [0x00000000fa000000,0x00000000fa000000,0x00000000faa80000)
 ParOldGen       total 175104K, used 1995K [0x00000000e0000000, 0x00000000eab00000, 0x00000000f5580000)
  object space 175104K, 1% used [0x00000000e0000000,0x00000000e01f2f58,0x00000000eab00000)
 Metaspace       used 20559K, capacity 21186K, committed 21296K, reserved 1067008K
  class space    used 2945K, capacity 3153K, committed 3200K, reserved 1048576K
Event: 7.959 GC heap after
Heap after GC invocations=4 (full 0):
 PSYoungGen      total 76288K, used 9010K [0x00000000f5580000, 0x00000000faa80000, 0x0000000100000000)
  eden space 65536K, 0% used [0x00000000f5580000,0x00000000f5580000,0x00000000f9580000)
  from space 10752K, 83% used [0x00000000fa000000,0x00000000fa8cc960,0x00000000faa80000)
  to   space 10752K, 0% used [0x00000000f9580000,0x00000000f9580000,0x00000000fa000000)
 ParOldGen       total 175104K, used 1995K [0x00000000e0000000, 0x00000000eab00000, 0x00000000f5580000)
  object space 175104K, 1% used [0x00000000e0000000,0x00000000e01f2f58,0x00000000eab00000)
 Metaspace       used 20559K, capacity 21186K, committed 21296K, reserved 1067008K
  class space    used 2945K, capacity 3153K, committed 3200K, reserved 1048576K
}
Event: 7.959 GC heap before
{Heap before GC invocations=5 (full 1):
 PSYoungGen      total 76288K, used 9010K [0x00000000f5580000, 0x00000000faa80000, 0x0000000100000000)
  eden space 65536K, 0% used [0x00000000f5580000,0x00000000f5580000,0x00000000f9580000)
  from space 10752K, 83% used [0x00000000fa000000,0x00000000fa8cc960,0x00000000faa80000)
  to   space 10752K, 0% used [0x00000000f9580000,0x00000000f9580000,0x00000000fa000000)
 ParOldGen       total 175104K, used 1995K [0x00000000e0000000, 0x00000000eab00000, 0x00000000f5580000)
  object space 175104K, 1% used [0x00000000e0000000,0x00000000e01f2f58,0x00000000eab00000)
 Metaspace       used 20559K, capacity 21186K, committed 21296K, reserved 1067008K
  class space    used 2945K, capacity 3153K, committed 3200K, reserved 1048576K
Event: 8.026 GC heap after
Heap after GC invocations=5 (full 1):
 PSYoungGen      total 76288K, used 0K [0x00000000f5580000, 0x00000000faa80000, 0x0000000100000000)
  eden space 65536K, 0% used [0x00000000f5580000,0x00000000f5580000,0x00000000f9580000)
  from space 10752K, 0% used [0x00000000fa000000,0x00000000fa000000,0x00000000faa80000)
  to   space 10752K, 0% used [0x00000000f9580000,0x00000000f9580000,0x00000000fa000000)
 ParOldGen       total 175104K, used 8848K [0x00000000e0000000, 0x00000000eab00000, 0x00000000f5580000)
  object space 175104K, 5% used [0x00000000e0000000,0x00000000e08a43c8,0x00000000eab00000)
 Metaspace       used 20559K, capacity 21186K, committed 21296K, reserved 1067008K
  class space    used 2945K, capacity 3153K, committed 3200K, reserved 1048576K
}
Event: 9.328 GC heap before
{Heap before GC invocations=6 (full 1):
 PSYoungGen      total 76288K, used 65536K [0x00000000f5580000, 0x00000000faa80000, 0x0000000100000000)
  eden space 65536K, 100% used [0x00000000f5580000,0x00000000f9580000,0x00000000f9580000)
  from space 10752K, 0% used [0x00000000fa000000,0x00000000fa000000,0x00000000faa80000)
  to   space 10752K, 0% used [0x00000000f9580000,0x00000000f9580000,0x00000000fa000000)
 ParOldGen       total 175104K, used 8848K [0x00000000e0000000, 0x00000000eab00000, 0x00000000f5580000)
  object space 175104K, 5% used [0x00000000e0000000,0x00000000e08a43c8,0x00000000eab00000)
 Metaspace       used 27213K, capacity 28032K, committed 28160K, reserved 1073152K
  class space    used 3825K, capacity 4059K, committed 4096K, reserved 1048576K
Event: 9.339 GC heap after
Heap after GC invocations=6 (full 1):
 PSYoungGen      total 76288K, used 7896K [0x00000000f5580000, 0x00000000faa80000, 0x0000000100000000)
  eden space 65536K, 0% used [0x00000000f5580000,0x00000000f5580000,0x00000000f9580000)
  from space 10752K, 73% used [0x00000000f9580000,0x00000000f9d36120,0x00000000fa000000)
  to   space 10752K, 0% used [0x00000000fa000000,0x00000000fa000000,0x00000000faa80000)
 ParOldGen       total 175104K, used 8856K [0x00000000e0000000, 0x00000000eab00000, 0x00000000f5580000)
  object space 175104K, 5% used [0x00000000e0000000,0x00000000e08a63c8,0x00000000eab00000)
 Metaspace       used 27213K, capacity 28032K, committed 28160K, reserved 1073152K
  class space    used 3825K, capacity 4059K, committed 4096K, reserved 1048576K
}
Event: 12.254 GC heap before
{Heap before GC invocations=7 (full 1):
 PSYoungGen      total 76288K, used 73432K [0x00000000f5580000, 0x00000000faa80000, 0x0000000100000000)
  eden space 65536K, 100% used [0x00000000f5580000,0x00000000f9580000,0x00000000f9580000)
  from space 10752K, 73% used [0x00000000f9580000,0x00000000f9d36120,0x00000000fa000000)
  to   space 10752K, 0% used [0x00000000fa000000,0x00000000fa000000,0x00000000faa80000)
 ParOldGen       total 175104K, used 8856K [0x00000000e0000000, 0x00000000eab00000, 0x00000000f5580000)
  object space 175104K, 5% used [0x00000000e0000000,0x00000000e08a63c8,0x00000000eab00000)
 Metaspace       used 33347K, capacity 34234K, committed 34304K, reserved 1079296K
  class space    used 4585K, capacity 4827K, committed 4864K, reserved 1048576K
Event: 12.374 GC heap after
Heap after GC invocations=7 (full 1):
 PSYoungGen      total 76288K, used 10285K [0x00000000f5580000, 0x00000000faa80000, 0x0000000100000000)
  eden space 65536K, 0% used [0x00000000f5580000,0x00000000f5580000,0x00000000f9580000)
  from space 10752K, 95% used [0x00000000fa000000,0x00000000faa0b708,0x00000000faa80000)
  to   space 10752K, 0% used [0x00000000f9580000,0x00000000f9580000,0x00000000fa000000)
 ParOldGen       total 175104K, used 8864K [0x00000000e0000000, 0x00000000eab00000, 0x00000000f5580000)
  object space 175104K, 5% used [0x00000000e0000000,0x00000000e08a83c8,0x00000000eab00000)
 Metaspace       used 33347K, capacity 34234K, committed 34304K, reserved 1079296K
  class space    used 4585K, capacity 4827K, committed 4864K, reserved 1048576K
}

Deoptimization events (10 events):
Event: 9.000 Thread 0x0000000017635800 Uncommon trap: reason=unstable_if action=reinterpret pc=0x00000000029367ec method=java.lang.ClassLoader.getClassLoadingLock(Ljava/lang/String;)Ljava/lang/Object; @ 6
Event: 9.340 Thread 0x0000000002712800 Uncommon trap: reason=unstable_if action=reinterpret pc=0x00000000028a9cbc method=java.lang.ref.Reference.tryHandlePending(Z)Z @ 104
Event: 9.585 Thread 0x0000000017635800 Uncommon trap: reason=unstable_if action=reinterpret pc=0x00000000028b1b78 method=java.lang.String.regionMatches(ZILjava/lang/String;II)Z @ 41
Event: 10.104 Thread 0x0000000017635800 Uncommon trap: reason=unstable_if action=reinterpret pc=0x0000000002bf3674 method=java.util.HashMap.putVal(ILjava/lang/Object;Ljava/lang/Object;ZZ)Ljava/lang/Object; @ 162
Event: 11.252 Thread 0x0000000017635800 Uncommon trap: reason=unstable_if action=reinterpret pc=0x0000000002d96d44 method=java.util.HashMap.getNode(ILjava/lang/Object;)Ljava/util/HashMap$Node; @ 53
Event: 11.386 Thread 0x0000000017635800 Uncommon trap: reason=bimorphic action=maybe_recompile pc=0x0000000002fba148 method=java.util.AbstractCollection.addAll(Ljava/util/Collection;)Z @ 29
Event: 11.389 Thread 0x0000000017635800 Uncommon trap: reason=unstable_if action=reinterpret pc=0x000000000301944c method=org.codehaus.groovy.runtime.metaclass.MetaMethodIndex.addMethodToList(Ljava/lang/Object;Lgroovy/lang/MetaMethod;)Ljava/lang/Object; @ 226
Event: 11.516 Thread 0x0000000017635800 Uncommon trap: reason=unstable_if action=reinterpret pc=0x000000000292ef48 method=org.objectweb.asm.ByteVector.putShort(I)Lorg/objectweb/asm/ByteVector; @ 13
Event: 11.720 Thread 0x0000000017635800 Uncommon trap: reason=unstable_if action=reinterpret pc=0x000000000302af04 method=org.gradle.internal.reflect.PropertyAccessorType.isGetGetterName(Ljava/lang/String;)Z @ 14
Event: 12.045 Thread 0x0000000017635800 Uncommon trap: reason=unstable_if action=reinterpret pc=0x0000000002b06374 method=java.lang.String.lastIndexOf([CII[CIII)I @ 118

Classes redefined (0 events):
No events

Internal exceptions (10 events):
Event: 10.472 Thread 0x0000000017635800 Exception <a 'java/lang/ClassNotFoundException': org/gradle/initialization/DefaultSettings_DecoratedCustomizer> (0x00000000f70c0228) thrown at [C:\re\workspace\8-2-build-windows-amd64-cygwin\jdk8u221\13320\hotspot\src\share\vm\classfile\systemDictionary.c
Event: 10.533 Thread 0x0000000017635800 Exception <a 'java/lang/ClassNotFoundException': org/gradle/initialization/DefaultProjectDescriptorBeanInfo> (0x00000000f71886d8) thrown at [C:\re\workspace\8-2-build-windows-amd64-cygwin\jdk8u221\13320\hotspot\src\share\vm\classfile\systemDictionary.cpp,
Event: 10.535 Thread 0x0000000017635800 Exception <a 'java/lang/ClassNotFoundException': org/gradle/initialization/DefaultProjectDescriptorCustomizer> (0x00000000f71b7ed0) thrown at [C:\re\workspace\8-2-build-windows-amd64-cygwin\jdk8u221\13320\hotspot\src\share\vm\classfile\systemDictionary.cp
Event: 11.396 Thread 0x0000000017635800 Exception <a 'java/lang/ClassNotFoundException': org/gradle/api/internal/project/DefaultProject_DecoratedBeanInfo> (0x00000000f82ca9d0) thrown at [C:\re\workspace\8-2-build-windows-amd64-cygwin\jdk8u221\13320\hotspot\src\share\vm\classfile\systemDictionar
Event: 11.397 Thread 0x0000000017635800 Exception <a 'java/lang/ClassNotFoundException': org/gradle/api/internal/project/DefaultProjectBeanInfo> (0x00000000f82e5680) thrown at [C:\re\workspace\8-2-build-windows-amd64-cygwin\jdk8u221\13320\hotspot\src\share\vm\classfile\systemDictionary.cpp, lin
Event: 11.397 Thread 0x0000000017635800 Exception <a 'java/lang/ClassNotFoundException': org/gradle/api/internal/project/DefaultProjectCustomizer> (0x00000000f8300e80) thrown at [C:\re\workspace\8-2-build-windows-amd64-cygwin\jdk8u221\13320\hotspot\src\share\vm\classfile\systemDictionary.cpp, l
Event: 11.413 Thread 0x0000000017635800 Exception <a 'java/lang/ClassNotFoundException': org/gradle/api/internal/project/DefaultProject_DecoratedCustomizer> (0x00000000f83f0258) thrown at [C:\re\workspace\8-2-build-windows-amd64-cygwin\jdk8u221\13320\hotspot\src\share\vm\classfile\systemDiction
Event: 11.493 Thread 0x0000000017635800 Exception <a 'java/lang/ClassNotFoundException': org/gradle/api/internal/plugins/DefaultObjectConfigurationActionBeanInfo> (0x00000000f84f5258) thrown at [C:\re\workspace\8-2-build-windows-amd64-cygwin\jdk8u221\13320\hotspot\src\share\vm\classfile\systemD
Event: 11.494 Thread 0x0000000017635800 Exception <a 'java/lang/ClassNotFoundException': org/gradle/api/internal/plugins/DefaultObjectConfigurationActionCustomizer> (0x00000000f8515288) thrown at [C:\re\workspace\8-2-build-windows-amd64-cygwin\jdk8u221\13320\hotspot\src\share\vm\classfile\syste
Event: 12.185 Thread 0x0000000017422800 Exception <a 'java/lang/NoSuchMethodError': <clinit>> (0x00000000f930ae40) thrown at [C:\re\workspace\8-2-build-windows-amd64-cygwin\jdk8u221\13320\hotspot\src\share\vm\prims\jni.cpp, line 1614]

Events (10 events):
Event: 12.405 loading class org/gradle/api/reporting/model/ModelReport
Event: 12.405 loading class org/gradle/api/reporting/model/ModelReport done
Event: 12.406 loading class org/gradle/api/reporting/dependents/DependentComponentsReport
Event: 12.406 loading class org/gradle/api/reporting/dependents/DependentComponentsReport done
Event: 12.408 loading class org/gradle/api/tasks/diagnostics/OutgoingVariantsReportTask
Event: 12.408 loading class org/gradle/api/tasks/diagnostics/OutgoingVariantsReportTask done
Event: 12.408 loading class org/gradle/api/tasks/diagnostics/OutgoingVariantsReportTask
Event: 12.408 loading class org/gradle/api/tasks/diagnostics/OutgoingVariantsReportTask done
Event: 12.408 loading class org/gradle/api/Action
Event: 12.408 loading class org/gradle/api/Action done


Dynamic libraries:
0x00007ff6c9040000 - 0x00007ff6c9077000 	C:\Program Files\Java\jdk1.8.0_221\bin\java.exe
0x00007ff99d960000 - 0x00007ff99db41000 	C:\WINDOWS\SYSTEM32\ntdll.dll
0x00007ff99d130000 - 0x00007ff99d1e1000 	C:\WINDOWS\System32\KERNEL32.DLL
0x00007ff99a260000 - 0x00007ff99a4d3000 	C:\WINDOWS\System32\KERNELBASE.dll
0x00007ff99d010000 - 0x00007ff99d0b1000 	C:\WINDOWS\System32\ADVAPI32.dll
0x00007ff99b660000 - 0x00007ff99b6fe000 	C:\WINDOWS\System32\msvcrt.dll
0x00007ff99d320000 - 0x00007ff99d37b000 	C:\WINDOWS\System32\sechost.dll
0x00007ff99d1f0000 - 0x00007ff99d314000 	C:\WINDOWS\System32\RPCRT4.dll
0x00007ff99af80000 - 0x00007ff99b110000 	C:\WINDOWS\System32\USER32.dll
0x00007ff99ad20000 - 0x00007ff99ad40000 	C:\WINDOWS\System32\win32u.dll
0x00007ff99d8f0000 - 0x00007ff99d918000 	C:\WINDOWS\System32\GDI32.dll
0x00007ff99a0c0000 - 0x00007ff99a251000 	C:\WINDOWS\System32\gdi32full.dll
0x00007ff99ad40000 - 0x00007ff99addf000 	C:\WINDOWS\System32\msvcp_win.dll
0x00007ff999fc0000 - 0x00007ff99a0b8000 	C:\WINDOWS\System32\ucrtbase.dll
0x00007ff986520000 - 0x00007ff986789000 	C:\WINDOWS\WinSxS\amd64_microsoft.windows.common-controls_6595b64144ccf1df_6.0.17134.1365_none_d401d10f7c8e8b9b\COMCTL32.dll
0x00007ff99cb60000 - 0x00007ff99ce81000 	C:\WINDOWS\System32\combase.dll
0x00007ff99aca0000 - 0x00007ff99ad19000 	C:\WINDOWS\System32\bcryptPrimitives.dll
0x00007ff99d7f0000 - 0x00007ff99d81d000 	C:\WINDOWS\System32\IMM32.DLL
0x00000000707f0000 - 0x00000000708c2000 	C:\Program Files\Java\jdk1.8.0_221\jre\bin\msvcr100.dll
0x000000006ff40000 - 0x00000000707e5000 	C:\Program Files\Java\jdk1.8.0_221\jre\bin\server\jvm.dll
0x00007ff99d920000 - 0x00007ff99d928000 	C:\WINDOWS\System32\PSAPI.DLL
0x00007ff990530000 - 0x00007ff990553000 	C:\WINDOWS\SYSTEM32\WINMM.dll
0x00007ff994960000 - 0x00007ff99496a000 	C:\WINDOWS\SYSTEM32\VERSION.dll
0x00007ff9851f0000 - 0x00007ff9851f9000 	C:\WINDOWS\SYSTEM32\WSOCK32.dll
0x00007ff990270000 - 0x00007ff99029a000 	C:\WINDOWS\SYSTEM32\WINMMBASE.dll
0x00007ff99ac50000 - 0x00007ff99ac99000 	C:\WINDOWS\System32\cfgmgr32.dll
0x00007ff99d460000 - 0x00007ff99d4cc000 	C:\WINDOWS\System32\ws2_32.DLL
0x00007ff971480000 - 0x00007ff97148f000 	C:\Program Files\Java\jdk1.8.0_221\jre\bin\verify.dll
0x00007ff968f50000 - 0x00007ff968f79000 	C:\Program Files\Java\jdk1.8.0_221\jre\bin\java.dll
0x00007ff965200000 - 0x00007ff965216000 	C:\Program Files\Java\jdk1.8.0_221\jre\bin\zip.dll
0x00007ff99b700000 - 0x00007ff99cb45000 	C:\WINDOWS\System32\SHELL32.dll
0x00007ff99d630000 - 0x00007ff99d6d9000 	C:\WINDOWS\System32\shcore.dll
0x00007ff99a4e0000 - 0x00007ff99abf0000 	C:\WINDOWS\System32\windows.storage.dll
0x00007ff99b110000 - 0x00007ff99b161000 	C:\WINDOWS\System32\shlwapi.dll
0x00007ff999cc0000 - 0x00007ff999cd1000 	C:\WINDOWS\System32\kernel.appcore.dll
0x00007ff999d00000 - 0x00007ff999d1f000 	C:\WINDOWS\System32\profapi.dll
0x00007ff999c70000 - 0x00007ff999cbc000 	C:\WINDOWS\System32\powrprof.dll
0x00007ff999c60000 - 0x00007ff999c6a000 	C:\WINDOWS\System32\FLTLIB.DLL
0x00007ff995700000 - 0x00007ff99571a000 	C:\Program Files\Java\jdk1.8.0_221\jre\bin\net.dll
0x00007ff985c10000 - 0x00007ff985ddb000 	C:\WINDOWS\SYSTEM32\urlmon.dll
0x00007ff985350000 - 0x00007ff9855f7000 	C:\WINDOWS\SYSTEM32\iertutil.dll
0x00007ff9996b0000 - 0x00007ff9996bb000 	C:\WINDOWS\SYSTEM32\CRYPTBASE.DLL
0x00007ff9994e0000 - 0x00007ff999546000 	C:\WINDOWS\system32\mswsock.dll
0x00007ff967240000 - 0x00007ff967252000 	C:\Program Files\Java\jdk1.8.0_221\jre\bin\nio.dll
0x00007ff95fb20000 - 0x00007ff95fb47000 	C:\Users\WiN 10\.gradle\native\c976cfcca226fdd4bee4412e95191dd41148b7504f9625baeda1d523bc39a967\windows-amd64\native-platform.dll
0x00007ff971230000 - 0x00007ff97123d000 	C:\Program Files\Java\jdk1.8.0_221\jre\bin\management.dll
0x00007ff999690000 - 0x00007ff9996a7000 	C:\WINDOWS\SYSTEM32\CRYPTSP.dll
0x00007ff999090000 - 0x00007ff9990c3000 	C:\WINDOWS\system32\rsaenh.dll
0x00007ff9997c0000 - 0x00007ff9997e5000 	C:\WINDOWS\SYSTEM32\bcrypt.dll
0x00007ff999b60000 - 0x00007ff999b88000 	C:\WINDOWS\SYSTEM32\USERENV.dll
0x00007ff999230000 - 0x00007ff999268000 	C:\WINDOWS\SYSTEM32\IPHLPAPI.DLL
0x00007ff99cb50000 - 0x00007ff99cb58000 	C:\WINDOWS\System32\NSI.dll
0x00007ff9950a0000 - 0x00007ff9950b6000 	C:\WINDOWS\SYSTEM32\dhcpcsvc6.DLL
0x00007ff995050000 - 0x00007ff99506a000 	C:\WINDOWS\SYSTEM32\dhcpcsvc.DLL

VM Arguments:
jvm_args: -XX:MaxMetaspaceSize=256m -XX:+HeapDumpOnOutOfMemoryError -Xms256m -Xmx512m -Dfile.encoding=utf8 -Duser.country=US -Duser.language=en -Duser.variant 
java_command: org.gradle.launcher.daemon.bootstrap.GradleDaemon 6.3
java_class_path (initial): C:\Users\WiN 10\.gradle\wrapper\dists\gradle-6.3-bin\8tpu6egwsccjzp10c1jckl0rx\gradle-6.3\lib\gradle-launcher-6.3.jar
Launcher Type: SUN_STANDARD

Environment Variables:
JAVA_HOME=C:\Program Files\Java\jdk1.8.0_221
PATH=C:\Program Files (x86)\IBM\SPSS\Modeler\14\bin\;C:\Program Files (x86)\Common Files\Oracle\Java\javapath;C:\oraclexe\app\oracle\product\11.2.0\server\bin;C:\oraclexe\app\oracle\product\11.2.0\server\bin;C:\ProgramData\Oracle\Java\javapath;C:\WINDOWS\system32;C:\WINDOWS;C:\WINDOWS\System32\Wbem;C:\WINDOWS\System32\WindowsPowerShell\v1.0\;C:\Program Files (x86)\AMD\ATI.ACE\Core-Static;C:\WINDOWS\System32\OpenSSH\;C:\Program Files\Git\cmd;C:\Program Files\Java\jdk1.8.0_221\bin;C:\Program Files\Java\jre1.8.0_221\bin;%JAVA_HOME%\bin;C:\Program Files\nodejs\;C:\Program Files\gradle-2.8\;%GRADLE_HOME%\bin;%GRADLE_HOME%;C:\Program Files\gradle-2.8\bin;C:\Program Files (x86)\Yarn\bin\;C:\Program Files (x86)\Tesseract-OCR;C:\Program Files (x86)\Tesseract-OCR\tessdata;C:\Users\WiN 10\Documents\opencv\build\bin;C:\Users\WiN 10\Documents\opencv\build\java;C:\Users\WiN 10\Documents\opencv\build\java\x64;C:\Users\WiN 10\Documents\Tess4J;C:\Users\WiN 10\Documents\Tess4J\tessdata;C:\Users\WiN 10\AppData\Local\Programs\Python\Python37-32\Scripts\;C:\Users\WiN 10\AppData\Local\Programs\Python\Python37-32\;C:\Users\WiN 10\AppData\Local\Microsoft\WindowsApps;C:\Users\WiN 10\AppData\Local\Programs\Microsoft VS Code\bin;C:\Users\WiN 10\AppData\Local\Programs\Python\Python37-32\Scripts;C:\Program Files\JetBrains\IntelliJ IDEA 2019.2\bin;;C:\Users\WiN 10\AppData\Roaming\npm;C:\Program Files\gradle-2.8\bin;C:\Users\WiN 10\AppData\Local\Yarn\bin;C:\Users\WiN 10\Documents\opencv\build\bin;
USERNAME=WiN 10
OS=Windows_NT
PROCESSOR_IDENTIFIER=Intel64 Family 6 Model 78 Stepping 3, GenuineIntel



---------------  S Y S T E M  ---------------

OS: Windows 10.0 , 64 bit Build 17134 (10.0.17134.753)

CPU:total 4 (initial active 4) (2 cores per cpu, 2 threads per core) family 6 model 78 stepping 3, cmov, cx8, fxsr, mmx, sse, sse2, sse3, ssse3, sse4.1, sse4.2, popcnt, avx, avx2, aes, clmul, erms, 3dnowpref, lzcnt, ht, tsc, tscinvbit, bmi1, bmi2, adx

Memory: 4k page, physical 4083616k(257112k free), swap 16666528k(5468k free)

vm_info: Java HotSpot(TM) 64-Bit Server VM (25.221-b11) for windows-amd64 JRE (1.8.0_221-b11), built on Jul  4 2019 04:39:29 by "java_re" with MS VC++ 10.0 (VS2010)

time: Fri May 15 01:24:36 2020
timezone: SE Asia Standard Time
elapsed time: 12 seconds (0d 0h 0m 12s)

