#
# There is insufficient memory for the Java Runtime Environment to continue.
# Native memory allocation (malloc) failed to allocate 1701776 bytes for Chunk::new
# Possible reasons:
#   The system is out of physical RAM or swap space
#   The process is running with CompressedOops enabled, and the Java Heap may be blocking the growth of the native heap
# Possible solutions:
#   Reduce memory load on the system
#   Increase physical memory or swap space
#   Check if swap backing store is full
#   Decrease Java heap size (-Xmx/-Xms)
#   Decrease number of Java threads
#   Decrease Java thread stack sizes (-Xss)
#   Set larger code cache with -XX:ReservedCodeCacheSize=
#   JVM is running with Unscaled Compressed Oops mode in which the Java heap is
#     placed in the first 4GB address space. The Java Heap base address is the
#     maximum limit for the native heap growth. Please use -XX:HeapBaseMinAddress
#     to set the Java Heap base and to place the Java Heap above 4GB virtual address.
# This output file may be truncated or incomplete.
#
#  Out of Memory Error (allocation.cpp:389), pid=18156, tid=0x00000000000044e4
#
# JRE version: Java(TM) SE Runtime Environment (8.0_221-b11) (build 1.8.0_221-b11)
# Java VM: Java HotSpot(TM) 64-Bit Server VM (25.221-b11 mixed mode windows-amd64 compressed oops)
# Failed to write core dump. Minidumps are not enabled by default on client versions of Windows
#

---------------  T H R E A D  ---------------

Current thread (0x00000000139bb800):  JavaThread "C2 CompilerThread1" daemon [_thread_in_native, id=17636, stack(0x00000000150f0000,0x00000000151f0000)]

Stack: [0x00000000150f0000,0x00000000151f0000]
[error occurred during error reporting (printing stack bounds), id 0xc0000005]

Native frames: (J=compiled Java code, j=interpreted, Vv=VM code, C=native code)


Current CompileTask:
C2:  11701 2578       4       groovy.lang.MetaClassImpl$1MOPIter::methodNameAction (325 bytes)


---------------  P R O C E S S  ---------------

Java Threads: ( => current thread )
  0x0000000017551800 JavaThread "Cache worker for execution history cache (C:\Users\WiN 10\.gradle\caches\6.3\executionHistory)" [_thread_blocked, id=10824, stack(0x000000001d560000,0x000000001d660000)]
  0x0000000017550800 JavaThread "Cache worker for cache directory md-rule (C:\Users\WiN 10\.gradle\caches\6.3\md-rule)" [_thread_blocked, id=2988, stack(0x000000001d260000,0x000000001d360000)]
  0x000000001754f000 JavaThread "Cache worker for cache directory md-supplier (C:\Users\WiN 10\.gradle\caches\6.3\md-supplier)" [_thread_blocked, id=22008, stack(0x000000001d160000,0x000000001d260000)]
  0x000000001754e800 JavaThread "Cache worker for file hash cache (C:\Users\WiN 10\Desktop\CardDataCollectionSystem\server\.gradle\6.3\fileHashes)" [_thread_blocked, id=3724, stack(0x000000001bbb0000,0x000000001bcb0000)]
  0x0000000017553800 JavaThread "Cache worker for checksums cache (C:\Users\WiN 10\Desktop\CardDataCollectionSystem\server\.gradle\checksums)" [_thread_blocked, id=20448, stack(0x000000001b8b0000,0x000000001b9b0000)]
  0x0000000017550000 JavaThread "Cache worker for file hash cache (C:\Users\WiN 10\.gradle\caches\6.3\fileHashes)" [_thread_blocked, id=9548, stack(0x0000000019810000,0x0000000019910000)]
  0x0000000017553000 JavaThread "File lock request listener" [_thread_in_native, id=18352, stack(0x0000000019610000,0x0000000019710000)]
  0x0000000017552000 JavaThread "Cache worker for journal cache (C:\Users\WiN 10\.gradle\caches\journal-1)" [_thread_blocked, id=2508, stack(0x0000000019510000,0x0000000019610000)]
  0x0000000017434800 JavaThread "Thread-9" [_thread_blocked, id=23496, stack(0x0000000019210000,0x0000000019310000)]
  0x0000000017433800 JavaThread "Stdin handler" [_thread_blocked, id=18864, stack(0x0000000019110000,0x0000000019210000)]
  0x0000000017430800 JavaThread "Asynchronous log dispatcher for DefaultDaemonConnection: socket connection from /127.0.0.1:57179 to /127.0.0.1:57180" [_thread_blocked, id=8284, stack(0x0000000019010000,0x0000000019110000)]
  0x00000000173b5000 JavaThread "Daemon worker" [_thread_in_native, id=18716, stack(0x0000000018f10000,0x0000000019010000)]
  0x00000000173c4800 JavaThread "Cancel handler" [_thread_blocked, id=19544, stack(0x0000000018e10000,0x0000000018f10000)]
  0x0000000017416800 JavaThread "Handler for socket connection from /127.0.0.1:57179 to /127.0.0.1:57180" [_thread_in_native, id=21864, stack(0x0000000018b10000,0x0000000018c10000)]
  0x0000000017412800 JavaThread "Daemon" [_thread_blocked, id=16664, stack(0x0000000018a10000,0x0000000018b10000)]
  0x0000000017381000 JavaThread "Daemon periodic checks" [_thread_blocked, id=15264, stack(0x0000000018910000,0x0000000018a10000)]
  0x000000001737a800 JavaThread "Incoming local TCP Connector on port 57179" [_thread_in_native, id=18944, stack(0x00000000186d0000,0x00000000187d0000)]
  0x00000000172c7000 JavaThread "Daemon health stats" [_thread_blocked, id=11048, stack(0x0000000018090000,0x0000000018190000)]
  0x000000001534f000 JavaThread "Service Thread" daemon [_thread_blocked, id=5596, stack(0x00000000156f0000,0x00000000157f0000)]
  0x00000000139c1000 JavaThread "C1 CompilerThread2" daemon [_thread_blocked, id=932, stack(0x00000000151f0000,0x00000000152f0000)]
=>0x00000000139bb800 JavaThread "C2 CompilerThread1" daemon [_thread_in_native, id=17636, stack(0x00000000150f0000,0x00000000151f0000)]
  0x00000000139b7000 JavaThread "C2 CompilerThread0" daemon [_thread_in_native, id=18468, stack(0x0000000014ff0000,0x00000000150f0000)]
  0x00000000139b6000 JavaThread "Attach Listener" daemon [_thread_blocked, id=11416, stack(0x0000000014ef0000,0x0000000014ff0000)]
  0x0000000013a06000 JavaThread "Signal Dispatcher" daemon [_thread_blocked, id=1912, stack(0x0000000014df0000,0x0000000014ef0000)]
  0x000000000263b000 JavaThread "Finalizer" daemon [_thread_blocked, id=18368, stack(0x0000000014c00000,0x0000000014d00000)]
  0x0000000002632800 JavaThread "Reference Handler" daemon [_thread_blocked, id=12576, stack(0x0000000014b00000,0x0000000014c00000)]
  0x0000000002542800 JavaThread "main" [_thread_blocked, id=14376, stack(0x0000000002440000,0x0000000002540000)]

Other Threads:
  0x0000000013977000 VMThread [stack: 0x0000000014a00000,0x0000000014b00000] [id=21772]
  0x000000001535a800 WatcherThread [stack: 0x00000000157f0000,0x00000000158f0000] [id=15144]

VM state:not at safepoint (normal execution)

VM Mutex/Monitor currently owned by a thread: None

heap address: 0x00000000e0000000, size: 512 MB, Compressed Oops mode: 32-bit
Narrow klass base: 0x0000000000000000, Narrow klass shift: 3
Compressed class space size: 1073741824 Address: 0x0000000100000000

Heap:
 PSYoungGen      total 76288K, used 62985K [0x00000000f5580000, 0x00000000faa80000, 0x0000000100000000)
  eden space 65536K, 83% used [0x00000000f5580000,0x00000000f8b18ab8,0x00000000f9580000)
  from space 10752K, 75% used [0x00000000f9580000,0x00000000f9d69cf0,0x00000000fa000000)
  to   space 10752K, 0% used [0x00000000fa000000,0x00000000fa000000,0x00000000faa80000)
 ParOldGen       total 175104K, used 8841K [0x00000000e0000000, 0x00000000eab00000, 0x00000000f5580000)
  object space 175104K, 5% used [0x00000000e0000000,0x00000000e08a26b0,0x00000000eab00000)
 Metaspace       used 32765K, capacity 33640K, committed 33792K, reserved 1079296K
  class space    used 4499K, capacity 4760K, committed 4864K, reserved 1048576K

Card table byte_map: [0x0000000011a00000,0x0000000011b10000] byte_map_base: 0x0000000011300000

Marking Bits: (ParMarkBitMap*) 0x0000000070765ce0
 Begin Bits: [0x0000000011f10000, 0x0000000012710000)
 End Bits:   [0x0000000012710000, 0x0000000012f10000)

Polling page: 0x00000000005e0000

CodeCache: size=245760Kb used=9518Kb max_used=9518Kb free=236241Kb
 bounds [0x0000000002640000, 0x0000000002fa0000, 0x0000000011640000]
 total_blobs=3256 nmethods=2567 adapters=601
 compilation: enabled

Compilation events (10 events):
Event: 11.627 Thread 0x00000000139c1000 2754       3       org.gradle.internal.reflect.PropertyAccessorType::isGetGetterName (23 bytes)
Event: 11.627 Thread 0x00000000139c1000 nmethod 2754 0x0000000002f8d4d0 code [0x0000000002f8d640, 0x0000000002f8daa8]
Event: 11.627 Thread 0x00000000139c1000 2755       3       org.gradle.internal.reflect.PropertyAccessorType::of (95 bytes)
Event: 11.629 Thread 0x00000000139c1000 nmethod 2755 0x0000000002f8dc10 code [0x0000000002f8dec0, 0x0000000002f8fa38]
Event: 11.629 Thread 0x00000000139c1000 2756       3       org.gradle.internal.reflect.PropertyAccessorType::isIsGetterName (23 bytes)
Event: 11.630 Thread 0x00000000139c1000 nmethod 2756 0x0000000002f901d0 code [0x0000000002f90340, 0x0000000002f907a8]
Event: 11.630 Thread 0x00000000139c1000 2757       3       org.objectweb.asm.Label::put (83 bytes)
Event: 11.630 Thread 0x00000000139c1000 nmethod 2757 0x0000000002f90910 code [0x0000000002f90ae0, 0x0000000002f90ed8]
Event: 11.651 Thread 0x00000000139c1000 2758       3       org.gradle.internal.time.TimeSource$1::nanoTime (4 bytes)
Event: 11.651 Thread 0x00000000139c1000 nmethod 2758 0x0000000002f910d0 code [0x0000000002f91220, 0x0000000002f91390]

GC Heap History (10 events):
Event: 5.343 GC heap before
{Heap before GC invocations=2 (full 0):
 PSYoungGen      total 76288K, used 71353K [0x00000000f5580000, 0x00000000faa80000, 0x0000000100000000)
  eden space 65536K, 100% used [0x00000000f5580000,0x00000000f9580000,0x00000000f9580000)
  from space 10752K, 54% used [0x00000000f9580000,0x00000000f9b2e558,0x00000000fa000000)
  to   space 10752K, 0% used [0x00000000fa000000,0x00000000fa000000,0x00000000faa80000)
 ParOldGen       total 175104K, used 8K [0x00000000e0000000, 0x00000000eab00000, 0x00000000f5580000)
  object space 175104K, 0% used [0x00000000e0000000,0x00000000e0002018,0x00000000eab00000)
 Metaspace       used 15159K, capacity 15594K, committed 15744K, reserved 1062912K
  class space    used 2048K, capacity 2161K, committed 2176K, reserved 1048576K
Event: 5.375 GC heap after
Heap after GC invocations=2 (full 0):
 PSYoungGen      total 76288K, used 9405K [0x00000000f5580000, 0x00000000faa80000, 0x0000000100000000)
  eden space 65536K, 0% used [0x00000000f5580000,0x00000000f5580000,0x00000000f9580000)
  from space 10752K, 87% used [0x00000000fa000000,0x00000000fa92f4b8,0x00000000faa80000)
  to   space 10752K, 0% used [0x00000000f9580000,0x00000000f9580000,0x00000000fa000000)
 ParOldGen       total 175104K, used 16K [0x00000000e0000000, 0x00000000eab00000, 0x00000000f5580000)
  object space 175104K, 0% used [0x00000000e0000000,0x00000000e0004018,0x00000000eab00000)
 Metaspace       used 15159K, capacity 15594K, committed 15744K, reserved 1062912K
  class space    used 2048K, capacity 2161K, committed 2176K, reserved 1048576K
}
Event: 7.655 GC heap before
{Heap before GC invocations=3 (full 0):
 PSYoungGen      total 76288K, used 74941K [0x00000000f5580000, 0x00000000faa80000, 0x0000000100000000)
  eden space 65536K, 100% used [0x00000000f5580000,0x00000000f9580000,0x00000000f9580000)
  from space 10752K, 87% used [0x00000000fa000000,0x00000000fa92f4b8,0x00000000faa80000)
  to   space 10752K, 0% used [0x00000000f9580000,0x00000000f9580000,0x00000000fa000000)
 ParOldGen       total 175104K, used 19K [0x00000000e0000000, 0x00000000eab00000, 0x00000000f5580000)
  object space 175104K, 0% used [0x00000000e0000000,0x00000000e0004d30,0x00000000eab00000)
 Metaspace       used 20453K, capacity 21090K, committed 21296K, reserved 1067008K
  class space    used 2934K, capacity 3121K, committed 3200K, reserved 1048576K
Event: 7.676 GC heap after
Heap after GC invocations=3 (full 0):
 PSYoungGen      total 76288K, used 10725K [0x00000000f5580000, 0x00000000faa80000, 0x0000000100000000)
  eden space 65536K, 0% used [0x00000000f5580000,0x00000000f5580000,0x00000000f9580000)
  from space 10752K, 99% used [0x00000000f9580000,0x00000000f9ff9480,0x00000000fa000000)
  to   space 10752K, 0% used [0x00000000fa000000,0x00000000fa000000,0x00000000faa80000)
 ParOldGen       total 175104K, used 1829K [0x00000000e0000000, 0x00000000eab00000, 0x00000000f5580000)
  object space 175104K, 1% used [0x00000000e0000000,0x00000000e01c97a0,0x00000000eab00000)
 Metaspace       used 20453K, capacity 21090K, committed 21296K, reserved 1067008K
  class space    used 2934K, capacity 3121K, committed 3200K, reserved 1048576K
}
Event: 7.737 GC heap before
{Heap before GC invocations=4 (full 0):
 PSYoungGen      total 76288K, used 15496K [0x00000000f5580000, 0x00000000faa80000, 0x0000000100000000)
  eden space 65536K, 7% used [0x00000000f5580000,0x00000000f5a28e90,0x00000000f9580000)
  from space 10752K, 99% used [0x00000000f9580000,0x00000000f9ff9480,0x00000000fa000000)
  to   space 10752K, 0% used [0x00000000fa000000,0x00000000fa000000,0x00000000faa80000)
 ParOldGen       total 175104K, used 1829K [0x00000000e0000000, 0x00000000eab00000, 0x00000000f5580000)
  object space 175104K, 1% used [0x00000000e0000000,0x00000000e01c97a0,0x00000000eab00000)
 Metaspace       used 20556K, capacity 21186K, committed 21296K, reserved 1067008K
  class space    used 2941K, capacity 3153K, committed 3200K, reserved 1048576K
Event: 7.756 GC heap after
Heap after GC invocations=4 (full 0):
 PSYoungGen      total 76288K, used 8942K [0x00000000f5580000, 0x00000000faa80000, 0x0000000100000000)
  eden space 65536K, 0% used [0x00000000f5580000,0x00000000f5580000,0x00000000f9580000)
  from space 10752K, 83% used [0x00000000fa000000,0x00000000fa8bb960,0x00000000faa80000)
  to   space 10752K, 0% used [0x00000000f9580000,0x00000000f9580000,0x00000000fa000000)
 ParOldGen       total 175104K, used 1837K [0x00000000e0000000, 0x00000000eab00000, 0x00000000f5580000)
  object space 175104K, 1% used [0x00000000e0000000,0x00000000e01cb7a0,0x00000000eab00000)
 Metaspace       used 20556K, capacity 21186K, committed 21296K, reserved 1067008K
  class space    used 2941K, capacity 3153K, committed 3200K, reserved 1048576K
}
Event: 7.757 GC heap before
{Heap before GC invocations=5 (full 1):
 PSYoungGen      total 76288K, used 8942K [0x00000000f5580000, 0x00000000faa80000, 0x0000000100000000)
  eden space 65536K, 0% used [0x00000000f5580000,0x00000000f5580000,0x00000000f9580000)
  from space 10752K, 83% used [0x00000000fa000000,0x00000000fa8bb960,0x00000000faa80000)
  to   space 10752K, 0% used [0x00000000f9580000,0x00000000f9580000,0x00000000fa000000)
 ParOldGen       total 175104K, used 1837K [0x00000000e0000000, 0x00000000eab00000, 0x00000000f5580000)
  object space 175104K, 1% used [0x00000000e0000000,0x00000000e01cb7a0,0x00000000eab00000)
 Metaspace       used 20556K, capacity 21186K, committed 21296K, reserved 1067008K
  class space    used 2941K, capacity 3153K, committed 3200K, reserved 1048576K
Event: 7.847 GC heap after
Heap after GC invocations=5 (full 1):
 PSYoungGen      total 76288K, used 0K [0x00000000f5580000, 0x00000000faa80000, 0x0000000100000000)
  eden space 65536K, 0% used [0x00000000f5580000,0x00000000f5580000,0x00000000f9580000)
  from space 10752K, 0% used [0x00000000fa000000,0x00000000fa000000,0x00000000faa80000)
  to   space 10752K, 0% used [0x00000000f9580000,0x00000000f9580000,0x00000000fa000000)
 ParOldGen       total 175104K, used 8833K [0x00000000e0000000, 0x00000000eab00000, 0x00000000f5580000)
  object space 175104K, 5% used [0x00000000e0000000,0x00000000e08a06b0,0x00000000eab00000)
 Metaspace       used 20556K, capacity 21186K, committed 21296K, reserved 1067008K
  class space    used 2941K, capacity 3153K, committed 3200K, reserved 1048576K
}
Event: 9.662 GC heap before
{Heap before GC invocations=6 (full 1):
 PSYoungGen      total 76288K, used 65536K [0x00000000f5580000, 0x00000000faa80000, 0x0000000100000000)
  eden space 65536K, 100% used [0x00000000f5580000,0x00000000f9580000,0x00000000f9580000)
  from space 10752K, 0% used [0x00000000fa000000,0x00000000fa000000,0x00000000faa80000)
  to   space 10752K, 0% used [0x00000000f9580000,0x00000000f9580000,0x00000000fa000000)
 ParOldGen       total 175104K, used 8833K [0x00000000e0000000, 0x00000000eab00000, 0x00000000f5580000)
  object space 175104K, 5% used [0x00000000e0000000,0x00000000e08a06b0,0x00000000eab00000)
 Metaspace       used 28273K, capacity 29088K, committed 29312K, reserved 1075200K
  class space    used 3968K, capacity 4219K, committed 4224K, reserved 1048576K
Event: 9.676 GC heap after
Heap after GC invocations=6 (full 1):
 PSYoungGen      total 76288K, used 8103K [0x00000000f5580000, 0x00000000faa80000, 0x0000000100000000)
  eden space 65536K, 0% used [0x00000000f5580000,0x00000000f5580000,0x00000000f9580000)
  from space 10752K, 75% used [0x00000000f9580000,0x00000000f9d69cf0,0x00000000fa000000)
  to   space 10752K, 0% used [0x00000000fa000000,0x00000000fa000000,0x00000000faa80000)
 ParOldGen       total 175104K, used 8841K [0x00000000e0000000, 0x00000000eab00000, 0x00000000f5580000)
  object space 175104K, 5% used [0x00000000e0000000,0x00000000e08a26b0,0x00000000eab00000)
 Metaspace       used 28273K, capacity 29088K, committed 29312K, reserved 1075200K
  class space    used 3968K, capacity 4219K, committed 4224K, reserved 1048576K
}

Deoptimization events (10 events):
Event: 9.264 Thread 0x00000000173b5000 Uncommon trap: reason=unstable_if action=reinterpret pc=0x000000000291ec6c method=java.lang.ClassLoader.getClassLoadingLock(Ljava/lang/String;)Ljava/lang/Object; @ 6
Event: 9.676 Thread 0x0000000002632800 Uncommon trap: reason=unstable_if action=reinterpret pc=0x0000000002b8ca7c method=java.lang.ref.Reference.tryHandlePending(Z)Z @ 104
Event: 9.906 Thread 0x00000000173b5000 Uncommon trap: reason=unstable_if action=reinterpret pc=0x000000000275d478 method=java.lang.String.regionMatches(ZILjava/lang/String;II)Z @ 41
Event: 10.375 Thread 0x00000000173b5000 Uncommon trap: reason=unstable_if action=reinterpret pc=0x0000000002766dfc method=java.util.HashMap.putVal(ILjava/lang/Object;Ljava/lang/Object;ZZ)Ljava/lang/Object; @ 162
Event: 11.108 Thread 0x00000000173b5000 Uncommon trap: reason=unstable_if action=reinterpret pc=0x00000000028a2404 method=java.util.HashMap.getNode(ILjava/lang/Object;)Ljava/util/HashMap$Node; @ 53
Event: 11.108 Thread 0x00000000173b5000 Uncommon trap: reason=unstable_if action=reinterpret pc=0x00000000029047b0 method=java.util.HashMap.hash(Ljava/lang/Object;)I @ 1
Event: 11.341 Thread 0x00000000173b5000 Uncommon trap: reason=bimorphic action=maybe_recompile pc=0x0000000002ee9758 method=java.util.AbstractCollection.addAll(Ljava/util/Collection;)Z @ 29
Event: 11.348 Thread 0x00000000173b5000 Uncommon trap: reason=unstable_if action=reinterpret pc=0x0000000002f149a4 method=org.codehaus.groovy.runtime.metaclass.MetaMethodIndex.addMethodToList(Ljava/lang/Object;Lgroovy/lang/MetaMethod;)Ljava/lang/Object; @ 226
Event: 11.492 Thread 0x00000000173b5000 Uncommon trap: reason=unstable_if action=reinterpret pc=0x0000000002ee1ec8 method=org.objectweb.asm.ByteVector.putShort(I)Lorg/objectweb/asm/ByteVector; @ 13
Event: 11.601 Thread 0x00000000173b5000 Uncommon trap: reason=unstable_if action=reinterpret pc=0x0000000002f39384 method=org.gradle.internal.reflect.PropertyAccessorType.isGetGetterName(Ljava/lang/String;)Z @ 14

Classes redefined (0 events):
No events

Internal exceptions (10 events):
Event: 10.503 Thread 0x00000000173b5000 Exception <a 'java/lang/ClassNotFoundException': org/gradle/initialization/DefaultSettings_DecoratedCustomizer> (0x00000000f7067ea0) thrown at [C:\re\workspace\8-2-build-windows-amd64-cygwin\jdk8u221\13320\hotspot\src\share\vm\classfile\systemDictionary.c
Event: 10.523 Thread 0x00000000173b5000 Exception <a 'java/lang/ClassNotFoundException': org/gradle/initialization/DefaultProjectDescriptorBeanInfo> (0x00000000f7130330) thrown at [C:\re\workspace\8-2-build-windows-amd64-cygwin\jdk8u221\13320\hotspot\src\share\vm\classfile\systemDictionary.cpp,
Event: 10.524 Thread 0x00000000173b5000 Exception <a 'java/lang/ClassNotFoundException': org/gradle/initialization/DefaultProjectDescriptorCustomizer> (0x00000000f715fb28) thrown at [C:\re\workspace\8-2-build-windows-amd64-cygwin\jdk8u221\13320\hotspot\src\share\vm\classfile\systemDictionary.cp
Event: 11.108 Thread 0x00000000173b5000 Implicit null exception at 0x0000000002904718 to 0x00000000029047a6
Event: 11.364 Thread 0x00000000173b5000 Exception <a 'java/lang/ClassNotFoundException': org/gradle/api/internal/project/DefaultProject_DecoratedBeanInfo> (0x00000000f8313a18) thrown at [C:\re\workspace\8-2-build-windows-amd64-cygwin\jdk8u221\13320\hotspot\src\share\vm\classfile\systemDictionar
Event: 11.364 Thread 0x00000000173b5000 Exception <a 'java/lang/ClassNotFoundException': org/gradle/api/internal/project/DefaultProjectBeanInfo> (0x00000000f832e6c8) thrown at [C:\re\workspace\8-2-build-windows-amd64-cygwin\jdk8u221\13320\hotspot\src\share\vm\classfile\systemDictionary.cpp, lin
Event: 11.365 Thread 0x00000000173b5000 Exception <a 'java/lang/ClassNotFoundException': org/gradle/api/internal/project/DefaultProjectCustomizer> (0x00000000f8349ec8) thrown at [C:\re\workspace\8-2-build-windows-amd64-cygwin\jdk8u221\13320\hotspot\src\share\vm\classfile\systemDictionary.cpp, l
Event: 11.395 Thread 0x00000000173b5000 Exception <a 'java/lang/ClassNotFoundException': org/gradle/api/internal/project/DefaultProject_DecoratedCustomizer> (0x00000000f8439320) thrown at [C:\re\workspace\8-2-build-windows-amd64-cygwin\jdk8u221\13320\hotspot\src\share\vm\classfile\systemDiction
Event: 11.444 Thread 0x00000000173b5000 Exception <a 'java/lang/ClassNotFoundException': org/gradle/api/internal/plugins/DefaultObjectConfigurationActionBeanInfo> (0x00000000f853e490) thrown at [C:\re\workspace\8-2-build-windows-amd64-cygwin\jdk8u221\13320\hotspot\src\share\vm\classfile\systemD
Event: 11.445 Thread 0x00000000173b5000 Exception <a 'java/lang/ClassNotFoundException': org/gradle/api/internal/plugins/DefaultObjectConfigurationActionCustomizer> (0x00000000f855e510) thrown at [C:\re\workspace\8-2-build-windows-amd64-cygwin\jdk8u221\13320\hotspot\src\share\vm\classfile\syste

Events (10 events):
Event: 11.653 loading class org/apache/commons/lang/text/StrBuilder$StrBuilderReader
Event: 11.653 loading class org/apache/commons/lang/text/StrBuilder$StrBuilderReader done
Event: 11.654 loading class java/lang/StringIndexOutOfBoundsException
Event: 11.654 loading class java/lang/StringIndexOutOfBoundsException done
Event: 11.655 loading class org/apache/commons/lang/text/StrTokenizer
Event: 11.655 loading class org/apache/commons/lang/text/StrTokenizer done
Event: 11.656 loading class org/apache/commons/lang/text/StrBuilder$StrBuilderTokenizer
Event: 11.656 loading class org/apache/commons/lang/text/StrBuilder$StrBuilderTokenizer done
Event: 11.660 loading class org/gradle/api/tasks/Delete
Event: 11.660 loading class org/gradle/api/tasks/Delete done


Dynamic libraries:
0x00007ff6c9040000 - 0x00007ff6c9077000 	C:\Program Files\Java\jdk1.8.0_221\bin\java.exe
0x00007ff99d960000 - 0x00007ff99db41000 	C:\WINDOWS\SYSTEM32\ntdll.dll
0x00007ff99d130000 - 0x00007ff99d1e1000 	C:\WINDOWS\System32\KERNEL32.DLL
0x00007ff99a260000 - 0x00007ff99a4d3000 	C:\WINDOWS\System32\KERNELBASE.dll
0x00007ff99d010000 - 0x00007ff99d0b1000 	C:\WINDOWS\System32\ADVAPI32.dll
0x00007ff99b660000 - 0x00007ff99b6fe000 	C:\WINDOWS\System32\msvcrt.dll
0x00007ff99d320000 - 0x00007ff99d37b000 	C:\WINDOWS\System32\sechost.dll
0x00007ff99d1f0000 - 0x00007ff99d314000 	C:\WINDOWS\System32\RPCRT4.dll
0x00007ff99af80000 - 0x00007ff99b110000 	C:\WINDOWS\System32\USER32.dll
0x00007ff99ad20000 - 0x00007ff99ad40000 	C:\WINDOWS\System32\win32u.dll
0x00007ff99d8f0000 - 0x00007ff99d918000 	C:\WINDOWS\System32\GDI32.dll
0x00007ff99a0c0000 - 0x00007ff99a251000 	C:\WINDOWS\System32\gdi32full.dll
0x00007ff99ad40000 - 0x00007ff99addf000 	C:\WINDOWS\System32\msvcp_win.dll
0x00007ff999fc0000 - 0x00007ff99a0b8000 	C:\WINDOWS\System32\ucrtbase.dll
0x00007ff986520000 - 0x00007ff986789000 	C:\WINDOWS\WinSxS\amd64_microsoft.windows.common-controls_6595b64144ccf1df_6.0.17134.1365_none_d401d10f7c8e8b9b\COMCTL32.dll
0x00007ff99cb60000 - 0x00007ff99ce81000 	C:\WINDOWS\System32\combase.dll
0x00007ff99aca0000 - 0x00007ff99ad19000 	C:\WINDOWS\System32\bcryptPrimitives.dll
0x00007ff99d7f0000 - 0x00007ff99d81d000 	C:\WINDOWS\System32\IMM32.DLL
0x00000000707f0000 - 0x00000000708c2000 	C:\Program Files\Java\jdk1.8.0_221\jre\bin\msvcr100.dll
0x000000006ff40000 - 0x00000000707e5000 	C:\Program Files\Java\jdk1.8.0_221\jre\bin\server\jvm.dll
0x00007ff99d920000 - 0x00007ff99d928000 	C:\WINDOWS\System32\PSAPI.DLL
0x00007ff994960000 - 0x00007ff99496a000 	C:\WINDOWS\SYSTEM32\VERSION.dll
0x00007ff990530000 - 0x00007ff990553000 	C:\WINDOWS\SYSTEM32\WINMM.dll
0x00007ff9851f0000 - 0x00007ff9851f9000 	C:\WINDOWS\SYSTEM32\WSOCK32.dll
0x00007ff990270000 - 0x00007ff99029a000 	C:\WINDOWS\SYSTEM32\WINMMBASE.dll
0x00007ff99ac50000 - 0x00007ff99ac99000 	C:\WINDOWS\System32\cfgmgr32.dll
0x00007ff99d460000 - 0x00007ff99d4cc000 	C:\WINDOWS\System32\ws2_32.DLL
0x00007ff971480000 - 0x00007ff97148f000 	C:\Program Files\Java\jdk1.8.0_221\jre\bin\verify.dll
0x00007ff968f50000 - 0x00007ff968f79000 	C:\Program Files\Java\jdk1.8.0_221\jre\bin\java.dll
0x00007ff965200000 - 0x00007ff965216000 	C:\Program Files\Java\jdk1.8.0_221\jre\bin\zip.dll
0x00007ff99b700000 - 0x00007ff99cb45000 	C:\WINDOWS\System32\SHELL32.dll
0x00007ff99d630000 - 0x00007ff99d6d9000 	C:\WINDOWS\System32\shcore.dll
0x00007ff99a4e0000 - 0x00007ff99abf0000 	C:\WINDOWS\System32\windows.storage.dll
0x00007ff99b110000 - 0x00007ff99b161000 	C:\WINDOWS\System32\shlwapi.dll
0x00007ff999cc0000 - 0x00007ff999cd1000 	C:\WINDOWS\System32\kernel.appcore.dll
0x00007ff999d00000 - 0x00007ff999d1f000 	C:\WINDOWS\System32\profapi.dll
0x00007ff999c70000 - 0x00007ff999cbc000 	C:\WINDOWS\System32\powrprof.dll
0x00007ff999c60000 - 0x00007ff999c6a000 	C:\WINDOWS\System32\FLTLIB.DLL
0x00007ff995700000 - 0x00007ff99571a000 	C:\Program Files\Java\jdk1.8.0_221\jre\bin\net.dll
0x00007ff985c10000 - 0x00007ff985ddb000 	C:\WINDOWS\SYSTEM32\urlmon.dll
0x00007ff985350000 - 0x00007ff9855f7000 	C:\WINDOWS\SYSTEM32\iertutil.dll
0x00007ff9996b0000 - 0x00007ff9996bb000 	C:\WINDOWS\SYSTEM32\CRYPTBASE.DLL
0x00007ff9994e0000 - 0x00007ff999546000 	C:\WINDOWS\system32\mswsock.dll
0x00007ff967240000 - 0x00007ff967252000 	C:\Program Files\Java\jdk1.8.0_221\jre\bin\nio.dll
0x00007ff95fb20000 - 0x00007ff95fb47000 	C:\Users\WiN 10\.gradle\native\c976cfcca226fdd4bee4412e95191dd41148b7504f9625baeda1d523bc39a967\windows-amd64\native-platform.dll
0x00007ff971230000 - 0x00007ff97123d000 	C:\Program Files\Java\jdk1.8.0_221\jre\bin\management.dll
0x00007ff999690000 - 0x00007ff9996a7000 	C:\WINDOWS\SYSTEM32\CRYPTSP.dll
0x00007ff999090000 - 0x00007ff9990c3000 	C:\WINDOWS\system32\rsaenh.dll
0x00007ff9997c0000 - 0x00007ff9997e5000 	C:\WINDOWS\SYSTEM32\bcrypt.dll
0x00007ff999b60000 - 0x00007ff999b88000 	C:\WINDOWS\SYSTEM32\USERENV.dll
0x00007ff999230000 - 0x00007ff999268000 	C:\WINDOWS\SYSTEM32\IPHLPAPI.DLL
0x00007ff99cb50000 - 0x00007ff99cb58000 	C:\WINDOWS\System32\NSI.dll
0x00007ff9950a0000 - 0x00007ff9950b6000 	C:\WINDOWS\SYSTEM32\dhcpcsvc6.DLL
0x00007ff995050000 - 0x00007ff99506a000 	C:\WINDOWS\SYSTEM32\dhcpcsvc.DLL

VM Arguments:
jvm_args: -XX:MaxMetaspaceSize=256m -XX:+HeapDumpOnOutOfMemoryError -Xms256m -Xmx512m -Dfile.encoding=utf8 -Duser.country=US -Duser.language=en -Duser.variant 
java_command: org.gradle.launcher.daemon.bootstrap.GradleDaemon 6.3
java_class_path (initial): C:\Users\WiN 10\.gradle\wrapper\dists\gradle-6.3-bin\8tpu6egwsccjzp10c1jckl0rx\gradle-6.3\lib\gradle-launcher-6.3.jar
Launcher Type: SUN_STANDARD

Environment Variables:
JAVA_HOME=C:\Program Files\Java\jdk1.8.0_221
PATH=C:\Program Files (x86)\IBM\SPSS\Modeler\14\bin\;C:\Program Files (x86)\Common Files\Oracle\Java\javapath;C:\oraclexe\app\oracle\product\11.2.0\server\bin;C:\oraclexe\app\oracle\product\11.2.0\server\bin;C:\ProgramData\Oracle\Java\javapath;C:\WINDOWS\system32;C:\WINDOWS;C:\WINDOWS\System32\Wbem;C:\WINDOWS\System32\WindowsPowerShell\v1.0\;C:\Program Files (x86)\AMD\ATI.ACE\Core-Static;C:\WINDOWS\System32\OpenSSH\;C:\Program Files\Git\cmd;C:\Program Files\Java\jdk1.8.0_221\bin;C:\Program Files\Java\jre1.8.0_221\bin;%JAVA_HOME%\bin;C:\Program Files\nodejs\;C:\Program Files\gradle-2.8\;%GRADLE_HOME%\bin;%GRADLE_HOME%;C:\Program Files\gradle-2.8\bin;C:\Program Files (x86)\Yarn\bin\;C:\Program Files (x86)\Tesseract-OCR;C:\Program Files (x86)\Tesseract-OCR\tessdata;C:\Users\WiN 10\Documents\opencv\build\bin;C:\Users\WiN 10\Documents\opencv\build\java;C:\Users\WiN 10\Documents\opencv\build\java\x64;C:\Users\WiN 10\Documents\Tess4J;C:\Users\WiN 10\Documents\Tess4J\tessdata;C:\Users\WiN 10\AppData\Local\Programs\Python\Python37-32\Scripts\;C:\Users\WiN 10\AppData\Local\Programs\Python\Python37-32\;C:\Users\WiN 10\AppData\Local\Microsoft\WindowsApps;C:\Users\WiN 10\AppData\Local\Programs\Microsoft VS Code\bin;C:\Users\WiN 10\AppData\Local\Programs\Python\Python37-32\Scripts;C:\Program Files\JetBrains\IntelliJ IDEA 2019.2\bin;;C:\Users\WiN 10\AppData\Roaming\npm;C:\Program Files\gradle-2.8\bin;C:\Users\WiN 10\AppData\Local\Yarn\bin;C:\Users\WiN 10\Documents\opencv\build\bin;
USERNAME=WiN 10
OS=Windows_NT
PROCESSOR_IDENTIFIER=Intel64 Family 6 Model 78 Stepping 3, GenuineIntel



---------------  S Y S T E M  ---------------

OS: Windows 10.0 , 64 bit Build 17134 (10.0.17134.753)

CPU:total 4 (initial active 4) (2 cores per cpu, 2 threads per core) family 6 model 78 stepping 3, cmov, cx8, fxsr, mmx, sse, sse2, sse3, ssse3, sse4.1, sse4.2, popcnt, avx, avx2, aes, clmul, erms, 3dnowpref, lzcnt, ht, tsc, tscinvbit, bmi1, bmi2, adx

Memory: 4k page, physical 4083616k(349028k free), swap 16666528k(6728k free)

vm_info: Java HotSpot(TM) 64-Bit Server VM (25.221-b11) for windows-amd64 JRE (1.8.0_221-b11), built on Jul  4 2019 04:39:29 by "java_re" with MS VC++ 10.0 (VS2010)

time: Fri May 15 01:23:00 2020
timezone: SE Asia Standard Time
elapsed time: 11 seconds (0d 0h 0m 11s)

